<?xml version="1.0" encoding="UTF-8"?>
<testsuite xmlns:xsi="http://www.w3.org/2001/XMLSchema-instance" xsi:noNamespaceSchemaLocation="https://maven.apache.org/surefire/maven-surefire-plugin/xsd/surefire-test-report.xsd" version="3.0.2" name="com.shotaroi.bank.integration.TransferIntegrationTest" time="26.758" tests="4" errors="0" skipped="0" failures="0">
  <properties>
[...]
</properties>
  <testcase name="concurrency_20TransfersNoNegativeBalance" classname="com.shotaroi.bank.integration.TransferIntegrationTest" time="5.005">
    <system-out><![CDATA[17:16:55.581 [main] INFO org.springframework.test.context.support.AnnotationConfigContextLoaderUtils -- Could not detect default configuration classes for test class [com.shotaroi.bank.integration.TransferIntegrationTest]: TransferIntegrationTest does not declare any static, non-private, non-final, nested classes annotated with @Configuration.
17:16:55.869 [main] INFO org.springframework.boot.test.context.SpringBootTestContextBootstrapper -- Found @SpringBootConfiguration com.shotaroi.bank.BankApplication for test class com.shotaroi.bank.integration.TransferIntegrationTest
17:16:56.086 [main] INFO org.testcontainers.images.PullPolicy -- Image pull policy will be performed by: DefaultPullPolicy()
17:16:56.090 [main] INFO org.testcontainers.utility.ImageNameSubstitutor -- Image name substitution will be performed by: DefaultImageNameSubstitutor (composite of 'ConfigurationFileImageNameSubstitutor' and 'PrefixingImageNameSubstitutor')
17:16:56.112 [main] INFO org.testcontainers.DockerClientFactory -- Testcontainers version: 2.0.2
17:16:57.701 [main] INFO org.testcontainers.dockerclient.DockerClientProviderStrategy -- Found Docker environment with Docker accessed via Unix socket (/Users/shotaroishii/.docker/run/docker.sock)
17:16:57.719 [main] INFO org.testcontainers.DockerClientFactory -- Docker host IP address is localhost
17:16:57.781 [main] INFO org.testcontainers.DockerClientFactory -- Connected to docker: 
  Server Version: 28.5.1
  API Version: 1.51
  Operating System: Docker Desktop
  Total Memory: 7837 MB
  Labels: 
    com.docker.desktop.address=unix:///Users/shotaroishii/Library/Containers/com.docker.docker/Data/docker-cli.sock
17:16:57.848 [main] INFO tc.testcontainers/ryuk:0.13.0 -- Creating container for image: testcontainers/ryuk:0.13.0
17:16:58.071 [main] INFO org.testcontainers.utility.RegistryAuthLocator -- Credential helper/store (docker-credential-desktop) does not have credentials for https://index.docker.io/v1/
17:16:58.341 [main] INFO tc.testcontainers/ryuk:0.13.0 -- Container testcontainers/ryuk:0.13.0 is starting: 73e03fcdf80a97101a21e4afb04ce529ba1a1ca275da3b2f6ee07d57221c0289
17:16:59.252 [main] INFO tc.testcontainers/ryuk:0.13.0 -- Container testcontainers/ryuk:0.13.0 started in PT1.40378S
17:16:59.270 [main] INFO org.testcontainers.utility.RyukResourceReaper -- Ryuk started - will monitor and terminate Testcontainers containers on JVM exit
17:16:59.270 [main] INFO org.testcontainers.DockerClientFactory -- Checking the system...
17:16:59.271 [main] INFO org.testcontainers.DockerClientFactory -- ✔︎ Docker server version should be at least 1.6.0
17:16:59.274 [main] INFO tc.postgres:16-alpine -- Creating container for image: postgres:16-alpine
17:16:59.329 [main] INFO tc.postgres:16-alpine -- Container postgres:16-alpine is starting: b12a370bc4e223fcd2a02e367f2ef480088a7e6d9190535fffcfbafa0d02e008
17:17:01.435 [main] INFO tc.postgres:16-alpine -- Container postgres:16-alpine started in PT2.160952S
17:17:01.440 [main] INFO tc.postgres:16-alpine -- Container is started (JDBC URL: jdbc:postgresql://localhost:65368/bankdb?loggerLevel=OFF)

  .   ____          _            __ _ _
 /\\ / ___'_ __ _ _(_)_ __  __ _ \ \ \ \
( ( )\___ | '_ | '_| | '_ \/ _` | \ \ \ \
 \\/  ___)| |_)| | | | | || (_| |  ) ) ) )
  '  |____| .__|_| |_|_| |_\__, | / / / /
 =========|_|==============|___/=/_/_/_/

 :: Spring Boot ::                (v4.0.0)

2026-02-20T17:17:02.301+01:00  INFO 52956 --- [mini-core-banking-system] [           main] c.s.b.i.TransferIntegrationTest          : Starting TransferIntegrationTest using Java 24.0.1 with PID 52956 (started by shotaroishii in /Users/shotaroishii/Documents/GitHub/Mini-Core-Banking-System)
2026-02-20T17:17:02.305+01:00  INFO 52956 --- [mini-core-banking-system] [           main] c.s.b.i.TransferIntegrationTest          : The following 1 profile is active: "test"
2026-02-20T17:17:04.556+01:00  INFO 52956 --- [mini-core-banking-system] [           main] .s.d.r.c.RepositoryConfigurationDelegate : Bootstrapping Spring Data JPA repositories in DEFAULT mode.
2026-02-20T17:17:04.708+01:00  INFO 52956 --- [mini-core-banking-system] [           main] .s.d.r.c.RepositoryConfigurationDelegate : Finished Spring Data repository scanning in 132 ms. Found 5 JPA repository interfaces.
2026-02-20T17:17:06.132+01:00  INFO 52956 --- [mini-core-banking-system] [           main] com.zaxxer.hikari.HikariDataSource       : HikariPool-1 - Starting...
2026-02-20T17:17:06.413+01:00  INFO 52956 --- [mini-core-banking-system] [           main] com.zaxxer.hikari.pool.HikariPool        : HikariPool-1 - Added connection org.postgresql.jdbc.PgConnection@13c36d48
2026-02-20T17:17:06.415+01:00  INFO 52956 --- [mini-core-banking-system] [           main] com.zaxxer.hikari.HikariDataSource       : HikariPool-1 - Start completed.
2026-02-20T17:17:06.458+01:00  INFO 52956 --- [mini-core-banking-system] [           main] org.flywaydb.core.FlywayExecutor         : Database: jdbc:postgresql://localhost:65368/bankdb?loggerLevel=OFF (PostgreSQL 16.11)
2026-02-20T17:17:06.541+01:00  INFO 52956 --- [mini-core-banking-system] [           main] o.f.c.i.s.JdbcTableSchemaHistory         : Schema history table "public"."flyway_schema_history" does not exist yet
2026-02-20T17:17:06.548+01:00  INFO 52956 --- [mini-core-banking-system] [           main] o.f.core.internal.command.DbValidate     : Successfully validated 1 migration (execution time 00:00.042s)
2026-02-20T17:17:06.576+01:00  INFO 52956 --- [mini-core-banking-system] [           main] o.f.c.i.s.JdbcTableSchemaHistory         : Creating Schema History table "public"."flyway_schema_history" ...
2026-02-20T17:17:06.682+01:00  INFO 52956 --- [mini-core-banking-system] [           main] o.f.core.internal.command.DbMigrate      : Current version of schema "public": << Empty Schema >>
2026-02-20T17:17:06.722+01:00  INFO 52956 --- [mini-core-banking-system] [           main] o.f.core.internal.command.DbMigrate      : Migrating schema "public" to version "1 - init"
2026-02-20T17:17:06.787+01:00  INFO 52956 --- [mini-core-banking-system] [           main] o.f.core.internal.command.DbMigrate      : Successfully applied 1 migration to schema "public", now at version v1 (execution time 00:00.043s)
2026-02-20T17:17:07.047+01:00  INFO 52956 --- [mini-core-banking-system] [           main] o.hibernate.jpa.internal.util.LogHelper  : HHH000204: Processing PersistenceUnitInfo [name: default]
2026-02-20T17:17:07.113+01:00  INFO 52956 --- [mini-core-banking-system] [           main] org.hibernate.Version                    : HHH000412: Hibernate ORM core version 7.1.8.Final
2026-02-20T17:17:07.484+01:00  INFO 52956 --- [mini-core-banking-system] [           main] o.s.o.j.p.SpringPersistenceUnitInfo      : No LoadTimeWeaver setup: ignoring JPA class transformer
2026-02-20T17:17:07.556+01:00  WARN 52956 --- [mini-core-banking-system] [           main] org.hibernate.orm.deprecation            : HHH90000025: PostgreSQLDialect does not need to be specified explicitly using 'hibernate.dialect' (remove the property setting and it will be selected by default)
2026-02-20T17:17:07.576+01:00  INFO 52956 --- [mini-core-banking-system] [           main] org.hibernate.orm.connections.pooling    : HHH10001005: Database info:
	Database JDBC URL [jdbc:postgresql://localhost:65368/bankdb?loggerLevel=OFF]
	Database driver: PostgreSQL JDBC Driver
	Database dialect: PostgreSQLDialect
	Database version: 16.11
	Default catalog/schema: bankdb/public
	Autocommit mode: undefined/unknown
	Isolation level: READ_COMMITTED [default READ_COMMITTED]
	JDBC fetch size: none
	Pool: DatasourceConnectionProviderImpl
	Minimum pool size: undefined/unknown
	Maximum pool size: undefined/unknown
2026-02-20T17:17:09.163+01:00  INFO 52956 --- [mini-core-banking-system] [           main] o.h.e.t.j.p.i.JtaPlatformInitiator       : HHH000489: No JTA platform available (set 'hibernate.transaction.jta.platform' to enable JTA platform integration)
2026-02-20T17:17:09.252+01:00  INFO 52956 --- [mini-core-banking-system] [           main] j.LocalContainerEntityManagerFactoryBean : Initialized JPA EntityManagerFactory for persistence unit 'default'
2026-02-20T17:17:09.578+01:00  INFO 52956 --- [mini-core-banking-system] [           main] o.s.d.j.r.query.QueryEnhancerFactories   : Hibernate is in classpath; If applicable, HQL parser will be used.
2026-02-20T17:17:12.195+01:00  WARN 52956 --- [mini-core-banking-system] [           main] .s.a.UserDetailsServiceAutoConfiguration : 

Using generated security password: c871a92b-f4e6-410c-ac63-8fbb453a4e82

This generated password is for development use only. Your security configuration must be updated before running your application in production.

2026-02-20T17:17:14.273+01:00  INFO 52956 --- [mini-core-banking-system] [           main] o.s.b.t.m.w.SpringBootMockServletContext : Initializing Spring TestDispatcherServlet ''
2026-02-20T17:17:14.284+01:00  INFO 52956 --- [mini-core-banking-system] [           main] o.s.t.web.servlet.TestDispatcherServlet  : Initializing Servlet ''
2026-02-20T17:17:14.294+01:00  INFO 52956 --- [mini-core-banking-system] [           main] o.s.t.web.servlet.TestDispatcherServlet  : Completed initialization in 6 ms
2026-02-20T17:17:14.393+01:00  INFO 52956 --- [mini-core-banking-system] [           main] c.s.b.i.TransferIntegrationTest          : Started TransferIntegrationTest in 12.84 seconds (process running for 24.581)
2026-02-20T17:17:14.401+01:00  WARN 52956 --- [mini-core-banking-system] [           main] o.s.core.events.SpringDocAppInitializer  : SpringDoc /v3/api-docs endpoint is enabled by default. To disable it in production, set the property 'springdoc.api-docs.enabled=false'
2026-02-20T17:17:14.401+01:00  WARN 52956 --- [mini-core-banking-system] [           main] o.s.core.events.SpringDocAppInitializer  : SpringDoc /swagger-ui.html endpoint is enabled by default. To disable it in production, set the property 'springdoc.swagger-ui.enabled=false'
2026-02-20T17:17:16.109+01:00  INFO 52956 --- [mini-core-banking-system] [pool-3-thread-2] c.s.bank.transfer.TransferService        : Transfer completed: id=9, from=2, to=1, amount=30.00 SEK
2026-02-20T17:17:16.113+01:00  INFO 52956 --- [mini-core-banking-system] [pool-3-thread-4] c.s.bank.transfer.TransferService        : Transfer completed: id=7, from=2, to=1, amount=30.00 SEK
2026-02-20T17:17:16.113+01:00  INFO 52956 --- [mini-core-banking-system] [pool-3-thread-7] c.s.bank.transfer.TransferService        : Transfer completed: id=5, from=1, to=2, amount=30.00 SEK
2026-02-20T17:17:16.113+01:00  INFO 52956 --- [mini-core-banking-system] [pool-3-thread-5] c.s.bank.transfer.TransferService        : Transfer completed: id=8, from=1, to=2, amount=30.00 SEK
2026-02-20T17:17:16.113+01:00  INFO 52956 --- [mini-core-banking-system] [pool-3-thread-8] c.s.bank.transfer.TransferService        : Transfer completed: id=10, from=2, to=1, amount=30.00 SEK
2026-02-20T17:17:16.109+01:00  INFO 52956 --- [mini-core-banking-system] [ool-3-thread-10] c.s.bank.transfer.TransferService        : Transfer completed: id=6, from=2, to=1, amount=30.00 SEK
2026-02-20T17:17:16.114+01:00  INFO 52956 --- [mini-core-banking-system] [pool-3-thread-6] c.s.bank.transfer.TransferService        : Transfer completed: id=3, from=2, to=1, amount=30.00 SEK
2026-02-20T17:17:16.114+01:00  INFO 52956 --- [mini-core-banking-system] [pool-3-thread-3] c.s.bank.transfer.TransferService        : Transfer completed: id=2, from=1, to=2, amount=30.00 SEK
2026-02-20T17:17:16.116+01:00  INFO 52956 --- [mini-core-banking-system] [pool-3-thread-9] c.s.bank.transfer.TransferService        : Transfer completed: id=4, from=1, to=2, amount=30.00 SEK
2026-02-20T17:17:16.116+01:00  INFO 52956 --- [mini-core-banking-system] [pool-3-thread-1] c.s.bank.transfer.TransferService        : Transfer completed: id=1, from=1, to=2, amount=30.00 SEK
2026-02-20T17:17:17.180+01:00  WARN 52956 --- [mini-core-banking-system] [pool-3-thread-1] org.hibernate.orm.jdbc.error             : HHH000247: ErrorCode: 0, SQLState: 40P01
2026-02-20T17:17:17.181+01:00  WARN 52956 --- [mini-core-banking-system] [pool-3-thread-1] org.hibernate.orm.jdbc.error             : ERROR: deadlock detected
  Detail: Process 66 waits for ShareLock on transaction 748; blocked by process 64.
Process 64 waits for ShareLock on transaction 739; blocked by process 66.
  Hint: See server log for query details.
  Where: while updating tuple (0,2) in relation "account"
2026-02-20T17:17:17.201+01:00 ERROR 52956 --- [mini-core-banking-system] [pool-3-thread-1] c.s.b.c.e.GlobalExceptionHandler         : Unexpected error

org.springframework.dao.CannotAcquireLockException: could not execute statement [ERROR: deadlock detected
  Detail: Process 66 waits for ShareLock on transaction 748; blocked by process 64.
Process 64 waits for ShareLock on transaction 739; blocked by process 66.
  Hint: See server log for query details.
  Where: while updating tuple (0,2) in relation "account"] [update account set balance=?,currency=?,customer_id=?,iban=?,version=? where id=? and version=?]; SQL [update account set balance=?,currency=?,customer_id=?,iban=?,version=? where id=? and version=?]
	at org.springframework.orm.jpa.hibernate.HibernateExceptionTranslator.convertHibernateAccessException(HibernateExceptionTranslator.java:162) ~[spring-orm-7.0.1.jar:7.0.1]
	at org.springframework.orm.jpa.hibernate.HibernateExceptionTranslator.convertHibernateAccessException(HibernateExceptionTranslator.java:131) ~[spring-orm-7.0.1.jar:7.0.1]
	at org.springframework.orm.jpa.hibernate.HibernateExceptionTranslator.translateExceptionIfPossible(HibernateExceptionTranslator.java:109) ~[spring-orm-7.0.1.jar:7.0.1]
	at org.springframework.orm.jpa.vendor.HibernateJpaDialect.translateExceptionIfPossible(HibernateJpaDialect.java:199) ~[spring-orm-7.0.1.jar:7.0.1]
	at org.springframework.orm.jpa.JpaTransactionManager.doCommit(JpaTransactionManager.java:557) ~[spring-orm-7.0.1.jar:7.0.1]
	at org.springframework.transaction.support.AbstractPlatformTransactionManager.processCommit(AbstractPlatformTransactionManager.java:794) ~[spring-tx-7.0.1.jar:7.0.1]
	at org.springframework.transaction.support.AbstractPlatformTransactionManager.commit(AbstractPlatformTransactionManager.java:757) ~[spring-tx-7.0.1.jar:7.0.1]
	at org.springframework.transaction.interceptor.TransactionAspectSupport.commitTransactionAfterReturning(TransactionAspectSupport.java:684) ~[spring-tx-7.0.1.jar:7.0.1]
	at org.springframework.transaction.interceptor.TransactionAspectSupport.invokeWithinTransaction(TransactionAspectSupport.java:406) ~[spring-tx-7.0.1.jar:7.0.1]
	at org.springframework.transaction.interceptor.TransactionInterceptor.invoke(TransactionInterceptor.java:118) ~[spring-tx-7.0.1.jar:7.0.1]
	at org.springframework.aop.framework.ReflectiveMethodInvocation.proceed(ReflectiveMethodInvocation.java:179) ~[spring-aop-7.0.1.jar:7.0.1]
	at org.springframework.aop.framework.CglibAopProxy$DynamicAdvisedInterceptor.intercept(CglibAopProxy.java:719) ~[spring-aop-7.0.1.jar:7.0.1]
	at com.shotaroi.bank.transfer.TransferService$$SpringCGLIB$$0.executeTransfer(<generated>) ~[classes/:na]
	at com.shotaroi.bank.transfer.TransferController.createTransfer(TransferController.java:27) ~[classes/:na]
	at java.base/jdk.internal.reflect.DirectMethodHandleAccessor.invoke(DirectMethodHandleAccessor.java:104) ~[na:na]
	at java.base/java.lang.reflect.Method.invoke(Method.java:565) ~[na:na]
	at org.springframework.web.method.support.InvocableHandlerMethod.doInvoke(InvocableHandlerMethod.java:258) ~[spring-web-7.0.1.jar:7.0.1]
	at org.springframework.web.method.support.InvocableHandlerMethod.invokeForRequest(InvocableHandlerMethod.java:190) ~[spring-web-7.0.1.jar:7.0.1]
	at org.springframework.web.servlet.mvc.method.annotation.ServletInvocableHandlerMethod.invokeAndHandle(ServletInvocableHandlerMethod.java:117) ~[spring-webmvc-7.0.1.jar:7.0.1]
	at org.springframework.web.servlet.mvc.method.annotation.RequestMappingHandlerAdapter.invokeHandlerMethod(RequestMappingHandlerAdapter.java:934) ~[spring-webmvc-7.0.1.jar:7.0.1]
	at org.springframework.web.servlet.mvc.method.annotation.RequestMappingHandlerAdapter.handleInternal(RequestMappingHandlerAdapter.java:853) ~[spring-webmvc-7.0.1.jar:7.0.1]
	at org.springframework.web.servlet.mvc.method.AbstractHandlerMethodAdapter.handle(AbstractHandlerMethodAdapter.java:86) ~[spring-webmvc-7.0.1.jar:7.0.1]
	at org.springframework.web.servlet.DispatcherServlet.doDispatch(DispatcherServlet.java:963) ~[spring-webmvc-7.0.1.jar:7.0.1]
	at org.springframework.web.servlet.DispatcherServlet.doService(DispatcherServlet.java:866) ~[spring-webmvc-7.0.1.jar:7.0.1]
	at org.springframework.web.servlet.FrameworkServlet.processRequest(FrameworkServlet.java:1003) ~[spring-webmvc-7.0.1.jar:7.0.1]
	at org.springframework.web.servlet.FrameworkServlet.doPost(FrameworkServlet.java:903) ~[spring-webmvc-7.0.1.jar:7.0.1]
	at jakarta.servlet.http.HttpServlet.service(HttpServlet.java:649) ~[tomcat-embed-core-11.0.14.jar:6.1]
	at org.springframework.web.servlet.FrameworkServlet.service(FrameworkServlet.java:874) ~[spring-webmvc-7.0.1.jar:7.0.1]
	at org.springframework.test.web.servlet.TestDispatcherServlet.service(TestDispatcherServlet.java:72) ~[spring-test-7.0.1.jar:7.0.1]
	at jakarta.servlet.http.HttpServlet.service(HttpServlet.java:710) ~[tomcat-embed-core-11.0.14.jar:6.1]
	at org.springframework.mock.web.MockFilterChain$ServletFilterProxy.doFilter(MockFilterChain.java:160) ~[spring-test-7.0.1.jar:7.0.1]
	at org.springframework.mock.web.MockFilterChain.doFilter(MockFilterChain.java:127) ~[spring-test-7.0.1.jar:7.0.1]
	at org.springframework.web.filter.OncePerRequestFilter.doFilter(OncePerRequestFilter.java:110) ~[spring-web-7.0.1.jar:7.0.1]
	at org.springframework.test.web.servlet.setup.MockMvcFilterDecorator.doFilter(MockMvcFilterDecorator.java:160) ~[spring-test-7.0.1.jar:7.0.1]
	at org.springframework.mock.web.MockFilterChain.doFilter(MockFilterChain.java:127) ~[spring-test-7.0.1.jar:7.0.1]
	at org.springframework.web.filter.CompositeFilter$VirtualFilterChain.doFilter(CompositeFilter.java:108) ~[spring-web-7.0.1.jar:7.0.1]
	at org.springframework.security.web.FilterChainProxy.lambda$doFilterInternal$3(FilterChainProxy.java:235) ~[spring-security-web-7.0.0.jar:7.0.0]
	at org.springframework.security.web.FilterChainProxy$VirtualFilterChain.doFilter(FilterChainProxy.java:371) ~[spring-security-web-7.0.0.jar:7.0.0]
	at org.springframework.security.web.access.intercept.AuthorizationFilter.doFilter(AuthorizationFilter.java:101) ~[spring-security-web-7.0.0.jar:7.0.0]
	at org.springframework.security.web.FilterChainProxy$VirtualFilterChain.doFilter(FilterChainProxy.java:380) ~[spring-security-web-7.0.0.jar:7.0.0]
	at org.springframework.security.web.access.ExceptionTranslationFilter.doFilter(ExceptionTranslationFilter.java:126) ~[spring-security-web-7.0.0.jar:7.0.0]
	at org.springframework.security.web.access.ExceptionTranslationFilter.doFilter(ExceptionTranslationFilter.java:120) ~[spring-security-web-7.0.0.jar:7.0.0]
	at org.springframework.security.web.FilterChainProxy$VirtualFilterChain.doFilter(FilterChainProxy.java:380) ~[spring-security-web-7.0.0.jar:7.0.0]
	at org.springframework.security.web.session.SessionManagementFilter.doFilter(SessionManagementFilter.java:132) ~[spring-security-web-7.0.0.jar:7.0.0]
	at org.springframework.security.web.session.SessionManagementFilter.doFilter(SessionManagementFilter.java:86) ~[spring-security-web-7.0.0.jar:7.0.0]
	at org.springframework.security.web.FilterChainProxy$VirtualFilterChain.doFilter(FilterChainProxy.java:380) ~[spring-security-web-7.0.0.jar:7.0.0]
	at org.springframework.security.web.authentication.AnonymousAuthenticationFilter.doFilter(AnonymousAuthenticationFilter.java:100) ~[spring-security-web-7.0.0.jar:7.0.0]
	at org.springframework.security.web.FilterChainProxy$VirtualFilterChain.doFilter(FilterChainProxy.java:380) ~[spring-security-web-7.0.0.jar:7.0.0]
	at org.springframework.security.web.servletapi.SecurityContextHolderAwareRequestFilter.doFilter(SecurityContextHolderAwareRequestFilter.java:181) ~[spring-security-web-7.0.0.jar:7.0.0]
	at org.springframework.security.web.FilterChainProxy$VirtualFilterChain.doFilter(FilterChainProxy.java:380) ~[spring-security-web-7.0.0.jar:7.0.0]
	at org.springframework.security.web.savedrequest.RequestCacheAwareFilter.doFilter(RequestCacheAwareFilter.java:63) ~[spring-security-web-7.0.0.jar:7.0.0]
	at org.springframework.security.web.FilterChainProxy$VirtualFilterChain.doFilter(FilterChainProxy.java:380) ~[spring-security-web-7.0.0.jar:7.0.0]
	at com.shotaroi.bank.security.JwtAuthenticationFilter.doFilterInternal(JwtAuthenticationFilter.java:65) ~[classes/:na]
	at org.springframework.web.filter.OncePerRequestFilter.doFilter(OncePerRequestFilter.java:116) ~[spring-web-7.0.1.jar:7.0.1]
	at org.springframework.security.web.FilterChainProxy$VirtualFilterChain.doFilter(FilterChainProxy.java:380) ~[spring-security-web-7.0.0.jar:7.0.0]
	at org.springframework.security.web.authentication.logout.LogoutFilter.doFilter(LogoutFilter.java:110) ~[spring-security-web-7.0.0.jar:7.0.0]
	at org.springframework.security.web.authentication.logout.LogoutFilter.doFilter(LogoutFilter.java:96) ~[spring-security-web-7.0.0.jar:7.0.0]
	at org.springframework.security.web.FilterChainProxy$VirtualFilterChain.doFilter(FilterChainProxy.java:380) ~[spring-security-web-7.0.0.jar:7.0.0]
	at org.springframework.security.web.header.HeaderWriterFilter.doHeadersAfter(HeaderWriterFilter.java:90) ~[spring-security-web-7.0.0.jar:7.0.0]
	at org.springframework.security.web.header.HeaderWriterFilter.doFilterInternal(HeaderWriterFilter.java:75) ~[spring-security-web-7.0.0.jar:7.0.0]
	at org.springframework.web.filter.OncePerRequestFilter.doFilter(OncePerRequestFilter.java:116) ~[spring-web-7.0.1.jar:7.0.1]
	at org.springframework.security.web.FilterChainProxy$VirtualFilterChain.doFilter(FilterChainProxy.java:380) ~[spring-security-web-7.0.0.jar:7.0.0]
	at org.springframework.security.web.context.SecurityContextHolderFilter.doFilter(SecurityContextHolderFilter.java:82) ~[spring-security-web-7.0.0.jar:7.0.0]
	at org.springframework.security.web.context.SecurityContextHolderFilter.doFilter(SecurityContextHolderFilter.java:69) ~[spring-security-web-7.0.0.jar:7.0.0]
	at org.springframework.security.web.FilterChainProxy$VirtualFilterChain.doFilter(FilterChainProxy.java:380) ~[spring-security-web-7.0.0.jar:7.0.0]
	at org.springframework.security.web.context.request.async.WebAsyncManagerIntegrationFilter.doFilterInternal(WebAsyncManagerIntegrationFilter.java:62) ~[spring-security-web-7.0.0.jar:7.0.0]
	at org.springframework.web.filter.OncePerRequestFilter.doFilter(OncePerRequestFilter.java:116) ~[spring-web-7.0.1.jar:7.0.1]
	at org.springframework.security.web.FilterChainProxy$VirtualFilterChain.doFilter(FilterChainProxy.java:380) ~[spring-security-web-7.0.0.jar:7.0.0]
	at org.springframework.security.web.session.DisableEncodeUrlFilter.doFilterInternal(DisableEncodeUrlFilter.java:42) ~[spring-security-web-7.0.0.jar:7.0.0]
	at org.springframework.web.filter.OncePerRequestFilter.doFilter(OncePerRequestFilter.java:116) ~[spring-web-7.0.1.jar:7.0.1]
	at org.springframework.security.web.FilterChainProxy$VirtualFilterChain.doFilter(FilterChainProxy.java:380) ~[spring-security-web-7.0.0.jar:7.0.0]
	at org.springframework.security.web.FilterChainProxy.doFilterInternal(FilterChainProxy.java:237) ~[spring-security-web-7.0.0.jar:7.0.0]
	at org.springframework.security.web.FilterChainProxy.doFilter(FilterChainProxy.java:195) ~[spring-security-web-7.0.0.jar:7.0.0]
	at org.springframework.web.filter.CompositeFilter$VirtualFilterChain.doFilter(CompositeFilter.java:113) ~[spring-web-7.0.1.jar:7.0.1]
	at org.springframework.web.filter.ServletRequestPathFilter.doFilter(ServletRequestPathFilter.java:52) ~[spring-web-7.0.1.jar:7.0.1]
	at org.springframework.web.filter.CompositeFilter$VirtualFilterChain.doFilter(CompositeFilter.java:113) ~[spring-web-7.0.1.jar:7.0.1]
	at org.springframework.web.filter.CompositeFilter.doFilter(CompositeFilter.java:74) ~[spring-web-7.0.1.jar:7.0.1]
	at org.springframework.security.config.annotation.web.configuration.WebSecurityConfiguration$CompositeFilterChainProxy.doFilter(WebSecurityConfiguration.java:317) ~[spring-security-config-7.0.0.jar:7.0.0]
	at org.springframework.web.filter.DelegatingFilterProxy.invokeDelegate(DelegatingFilterProxy.java:355) ~[spring-web-7.0.1.jar:7.0.1]
	at org.springframework.web.filter.DelegatingFilterProxy.doFilter(DelegatingFilterProxy.java:272) ~[spring-web-7.0.1.jar:7.0.1]
	at org.springframework.test.web.servlet.setup.MockMvcFilterDecorator.doFilter(MockMvcFilterDecorator.java:160) ~[spring-test-7.0.1.jar:7.0.1]
	at org.springframework.mock.web.MockFilterChain.doFilter(MockFilterChain.java:127) ~[spring-test-7.0.1.jar:7.0.1]
	at org.springframework.web.filter.RequestContextFilter.doFilterInternal(RequestContextFilter.java:100) ~[spring-web-7.0.1.jar:7.0.1]
	at org.springframework.web.filter.OncePerRequestFilter.doFilter(OncePerRequestFilter.java:116) ~[spring-web-7.0.1.jar:7.0.1]
	at org.springframework.test.web.servlet.setup.MockMvcFilterDecorator.doFilter(MockMvcFilterDecorator.java:160) ~[spring-test-7.0.1.jar:7.0.1]
	at org.springframework.mock.web.MockFilterChain.doFilter(MockFilterChain.java:127) ~[spring-test-7.0.1.jar:7.0.1]
	at org.springframework.web.filter.FormContentFilter.doFilterInternal(FormContentFilter.java:93) ~[spring-web-7.0.1.jar:7.0.1]
	at org.springframework.web.filter.OncePerRequestFilter.doFilter(OncePerRequestFilter.java:116) ~[spring-web-7.0.1.jar:7.0.1]
	at org.springframework.test.web.servlet.setup.MockMvcFilterDecorator.doFilter(MockMvcFilterDecorator.java:160) ~[spring-test-7.0.1.jar:7.0.1]
	at org.springframework.mock.web.MockFilterChain.doFilter(MockFilterChain.java:127) ~[spring-test-7.0.1.jar:7.0.1]
	at org.springframework.web.filter.CharacterEncodingFilter.doFilterInternal(CharacterEncodingFilter.java:199) ~[spring-web-7.0.1.jar:7.0.1]
	at org.springframework.web.filter.OncePerRequestFilter.doFilter(OncePerRequestFilter.java:116) ~[spring-web-7.0.1.jar:7.0.1]
	at org.springframework.test.web.servlet.setup.MockMvcFilterDecorator.doFilter(MockMvcFilterDecorator.java:160) ~[spring-test-7.0.1.jar:7.0.1]
	at org.springframework.mock.web.MockFilterChain.doFilter(MockFilterChain.java:127) ~[spring-test-7.0.1.jar:7.0.1]
	at org.springframework.test.web.servlet.MockMvc.perform(MockMvc.java:199) ~[spring-test-7.0.1.jar:7.0.1]
	at com.shotaroi.bank.integration.TransferIntegrationTest.lambda$concurrency_20TransfersNoNegativeBalance$0(TransferIntegrationTest.java:239) ~[test-classes/:na]
	at java.base/java.util.concurrent.Executors$RunnableAdapter.call(Executors.java:545) ~[na:na]
	at java.base/java.util.concurrent.FutureTask.run(FutureTask.java:328) ~[na:na]
	at java.base/java.util.concurrent.ThreadPoolExecutor.runWorker(ThreadPoolExecutor.java:1095) ~[na:na]
	at java.base/java.util.concurrent.ThreadPoolExecutor$Worker.run(ThreadPoolExecutor.java:619) ~[na:na]
	at java.base/java.lang.Thread.run(Thread.java:1447) ~[na:na]
Caused by: org.hibernate.exception.LockAcquisitionException: could not execute statement [ERROR: deadlock detected
  Detail: Process 66 waits for ShareLock on transaction 748; blocked by process 64.
Process 64 waits for ShareLock on transaction 739; blocked by process 66.
  Hint: See server log for query details.
  Where: while updating tuple (0,2) in relation "account"] [update account set balance=?,currency=?,customer_id=?,iban=?,version=? where id=? and version=?]
	at org.hibernate.dialect.PostgreSQLDialect.lambda$buildSQLExceptionConversionDelegate$1(PostgreSQLDialect.java:1050) ~[hibernate-core-7.1.8.Final.jar:7.1.8.Final]
	at org.hibernate.exception.internal.StandardSQLExceptionConverter.convert(StandardSQLExceptionConverter.java:34) ~[hibernate-core-7.1.8.Final.jar:7.1.8.Final]
	at org.hibernate.engine.jdbc.spi.SqlExceptionHelper.convert(SqlExceptionHelper.java:115) ~[hibernate-core-7.1.8.Final.jar:7.1.8.Final]
	at org.hibernate.engine.jdbc.internal.ResultSetReturnImpl.executeUpdate(ResultSetReturnImpl.java:193) ~[hibernate-core-7.1.8.Final.jar:7.1.8.Final]
	at org.hibernate.engine.jdbc.mutation.internal.AbstractMutationExecutor.performNonBatchedMutation(AbstractMutationExecutor.java:148) ~[hibernate-core-7.1.8.Final.jar:7.1.8.Final]
	at org.hibernate.engine.jdbc.mutation.internal.MutationExecutorSingleNonBatched.performNonBatchedOperations(MutationExecutorSingleNonBatched.java:53) ~[hibernate-core-7.1.8.Final.jar:7.1.8.Final]
	at org.hibernate.engine.jdbc.mutation.internal.AbstractMutationExecutor.execute(AbstractMutationExecutor.java:66) ~[hibernate-core-7.1.8.Final.jar:7.1.8.Final]
	at org.hibernate.persister.entity.mutation.UpdateCoordinatorStandard.doStaticUpdate(UpdateCoordinatorStandard.java:774) ~[hibernate-core-7.1.8.Final.jar:7.1.8.Final]
	at org.hibernate.persister.entity.mutation.UpdateCoordinatorStandard.performUpdate(UpdateCoordinatorStandard.java:317) ~[hibernate-core-7.1.8.Final.jar:7.1.8.Final]
	at org.hibernate.persister.entity.mutation.UpdateCoordinatorStandard.update(UpdateCoordinatorStandard.java:235) ~[hibernate-core-7.1.8.Final.jar:7.1.8.Final]
	at org.hibernate.action.internal.EntityUpdateAction.execute(EntityUpdateAction.java:172) ~[hibernate-core-7.1.8.Final.jar:7.1.8.Final]
	at org.hibernate.engine.spi.ActionQueue.executeActions(ActionQueue.java:646) ~[hibernate-core-7.1.8.Final.jar:7.1.8.Final]
	at org.hibernate.engine.spi.ActionQueue.executeActions(ActionQueue.java:513) ~[hibernate-core-7.1.8.Final.jar:7.1.8.Final]
	at org.hibernate.event.internal.AbstractFlushingEventListener.performExecutions(AbstractFlushingEventListener.java:378) ~[hibernate-core-7.1.8.Final.jar:7.1.8.Final]
	at org.hibernate.event.internal.DefaultFlushEventListener.onFlush(DefaultFlushEventListener.java:39) ~[hibernate-core-7.1.8.Final.jar:7.1.8.Final]
	at org.hibernate.event.service.internal.EventListenerGroupImpl.fireEventOnEachListener(EventListenerGroupImpl.java:140) ~[hibernate-core-7.1.8.Final.jar:7.1.8.Final]
	at org.hibernate.internal.SessionImpl.doFlush(SessionImpl.java:1447) ~[hibernate-core-7.1.8.Final.jar:7.1.8.Final]
	at org.hibernate.internal.SessionImpl.managedFlush(SessionImpl.java:488) ~[hibernate-core-7.1.8.Final.jar:7.1.8.Final]
	at org.hibernate.internal.SessionImpl.flushBeforeTransactionCompletion(SessionImpl.java:2325) ~[hibernate-core-7.1.8.Final.jar:7.1.8.Final]
	at org.hibernate.internal.SessionImpl.beforeTransactionCompletion(SessionImpl.java:2033) ~[hibernate-core-7.1.8.Final.jar:7.1.8.Final]
	at org.hibernate.engine.jdbc.internal.JdbcCoordinatorImpl.beforeTransactionCompletion(JdbcCoordinatorImpl.java:394) ~[hibernate-core-7.1.8.Final.jar:7.1.8.Final]
	at org.hibernate.resource.transaction.backend.jdbc.internal.JdbcResourceLocalTransactionCoordinatorImpl.beforeCompletionCallback(JdbcResourceLocalTransactionCoordinatorImpl.java:167) ~[hibernate-core-7.1.8.Final.jar:7.1.8.Final]
	at org.hibernate.resource.transaction.backend.jdbc.internal.JdbcResourceLocalTransactionCoordinatorImpl$TransactionDriverControlImpl.commitNoRollbackOnly(JdbcResourceLocalTransactionCoordinatorImpl.java:249) ~[hibernate-core-7.1.8.Final.jar:7.1.8.Final]
	at org.hibernate.resource.transaction.backend.jdbc.internal.JdbcResourceLocalTransactionCoordinatorImpl$TransactionDriverControlImpl.commit(JdbcResourceLocalTransactionCoordinatorImpl.java:243) ~[hibernate-core-7.1.8.Final.jar:7.1.8.Final]
	at org.hibernate.engine.transaction.internal.TransactionImpl.commit(TransactionImpl.java:90) ~[hibernate-core-7.1.8.Final.jar:7.1.8.Final]
	at org.springframework.orm.jpa.JpaTransactionManager.doCommit(JpaTransactionManager.java:553) ~[spring-orm-7.0.1.jar:7.0.1]
	... 96 common frames omitted
Caused by: org.postgresql.util.PSQLException: ERROR: deadlock detected
  Detail: Process 66 waits for ShareLock on transaction 748; blocked by process 64.
Process 64 waits for ShareLock on transaction 739; blocked by process 66.
  Hint: See server log for query details.
  Where: while updating tuple (0,2) in relation "account"
	at org.postgresql.core.v3.QueryExecutorImpl.receiveErrorResponse(QueryExecutorImpl.java:2736) ~[postgresql-42.7.8.jar:42.7.8]
	at org.postgresql.core.v3.QueryExecutorImpl.processResults(QueryExecutorImpl.java:2421) ~[postgresql-42.7.8.jar:42.7.8]
	at org.postgresql.core.v3.QueryExecutorImpl.execute(QueryExecutorImpl.java:372) ~[postgresql-42.7.8.jar:42.7.8]
	at org.postgresql.jdbc.PgStatement.executeInternal(PgStatement.java:525) ~[postgresql-42.7.8.jar:42.7.8]
	at org.postgresql.jdbc.PgStatement.execute(PgStatement.java:435) ~[postgresql-42.7.8.jar:42.7.8]
	at org.postgresql.jdbc.PgPreparedStatement.executeWithFlags(PgPreparedStatement.java:196) ~[postgresql-42.7.8.jar:42.7.8]
	at org.postgresql.jdbc.PgPreparedStatement.executeUpdate(PgPreparedStatement.java:157) ~[postgresql-42.7.8.jar:42.7.8]
	at com.zaxxer.hikari.pool.ProxyPreparedStatement.executeUpdate(ProxyPreparedStatement.java:61) ~[HikariCP-7.0.2.jar:na]
	at com.zaxxer.hikari.pool.HikariProxyPreparedStatement.executeUpdate(HikariProxyPreparedStatement.java) ~[HikariCP-7.0.2.jar:na]
	at org.hibernate.engine.jdbc.internal.ResultSetReturnImpl.executeUpdate(ResultSetReturnImpl.java:190) ~[hibernate-core-7.1.8.Final.jar:7.1.8.Final]
	... 118 common frames omitted

2026-02-20T17:17:17.326+01:00  INFO 52956 --- [mini-core-banking-system] [pool-3-thread-1] c.s.bank.transfer.TransferService        : Transfer completed: id=11, from=1, to=2, amount=30.00 SEK
2026-02-20T17:17:18.165+01:00  WARN 52956 --- [mini-core-banking-system] [pool-3-thread-8] org.hibernate.orm.jdbc.error             : HHH000247: ErrorCode: 0, SQLState: 40P01
2026-02-20T17:17:18.167+01:00  WARN 52956 --- [mini-core-banking-system] [pool-3-thread-8] org.hibernate.orm.jdbc.error             : ERROR: deadlock detected
  Detail: Process 64 waits for ShareLock on transaction 743; blocked by process 70.
Process 70 waits for ShareLock on transaction 748; blocked by process 64.
  Hint: See server log for query details.
  Where: while updating tuple (0,1) in relation "account"
2026-02-20T17:17:18.175+01:00 ERROR 52956 --- [mini-core-banking-system] [pool-3-thread-8] c.s.b.c.e.GlobalExceptionHandler         : Unexpected error

org.springframework.dao.CannotAcquireLockException: could not execute statement [ERROR: deadlock detected
  Detail: Process 64 waits for ShareLock on transaction 743; blocked by process 70.
Process 70 waits for ShareLock on transaction 748; blocked by process 64.
  Hint: See server log for query details.
  Where: while updating tuple (0,1) in relation "account"] [update account set balance=?,currency=?,customer_id=?,iban=?,version=? where id=? and version=?]; SQL [update account set balance=?,currency=?,customer_id=?,iban=?,version=? where id=? and version=?]
	at org.springframework.orm.jpa.hibernate.HibernateExceptionTranslator.convertHibernateAccessException(HibernateExceptionTranslator.java:162) ~[spring-orm-7.0.1.jar:7.0.1]
	at org.springframework.orm.jpa.hibernate.HibernateExceptionTranslator.convertHibernateAccessException(HibernateExceptionTranslator.java:131) ~[spring-orm-7.0.1.jar:7.0.1]
	at org.springframework.orm.jpa.hibernate.HibernateExceptionTranslator.translateExceptionIfPossible(HibernateExceptionTranslator.java:109) ~[spring-orm-7.0.1.jar:7.0.1]
	at org.springframework.orm.jpa.vendor.HibernateJpaDialect.translateExceptionIfPossible(HibernateJpaDialect.java:199) ~[spring-orm-7.0.1.jar:7.0.1]
	at org.springframework.orm.jpa.JpaTransactionManager.doCommit(JpaTransactionManager.java:557) ~[spring-orm-7.0.1.jar:7.0.1]
	at org.springframework.transaction.support.AbstractPlatformTransactionManager.processCommit(AbstractPlatformTransactionManager.java:794) ~[spring-tx-7.0.1.jar:7.0.1]
	at org.springframework.transaction.support.AbstractPlatformTransactionManager.commit(AbstractPlatformTransactionManager.java:757) ~[spring-tx-7.0.1.jar:7.0.1]
	at org.springframework.transaction.interceptor.TransactionAspectSupport.commitTransactionAfterReturning(TransactionAspectSupport.java:684) ~[spring-tx-7.0.1.jar:7.0.1]
	at org.springframework.transaction.interceptor.TransactionAspectSupport.invokeWithinTransaction(TransactionAspectSupport.java:406) ~[spring-tx-7.0.1.jar:7.0.1]
	at org.springframework.transaction.interceptor.TransactionInterceptor.invoke(TransactionInterceptor.java:118) ~[spring-tx-7.0.1.jar:7.0.1]
	at org.springframework.aop.framework.ReflectiveMethodInvocation.proceed(ReflectiveMethodInvocation.java:179) ~[spring-aop-7.0.1.jar:7.0.1]
	at org.springframework.aop.framework.CglibAopProxy$DynamicAdvisedInterceptor.intercept(CglibAopProxy.java:719) ~[spring-aop-7.0.1.jar:7.0.1]
	at com.shotaroi.bank.transfer.TransferService$$SpringCGLIB$$0.executeTransfer(<generated>) ~[classes/:na]
	at com.shotaroi.bank.transfer.TransferController.createTransfer(TransferController.java:27) ~[classes/:na]
	at java.base/jdk.internal.reflect.DirectMethodHandleAccessor.invoke(DirectMethodHandleAccessor.java:104) ~[na:na]
	at java.base/java.lang.reflect.Method.invoke(Method.java:565) ~[na:na]
	at org.springframework.web.method.support.InvocableHandlerMethod.doInvoke(InvocableHandlerMethod.java:258) ~[spring-web-7.0.1.jar:7.0.1]
	at org.springframework.web.method.support.InvocableHandlerMethod.invokeForRequest(InvocableHandlerMethod.java:190) ~[spring-web-7.0.1.jar:7.0.1]
	at org.springframework.web.servlet.mvc.method.annotation.ServletInvocableHandlerMethod.invokeAndHandle(ServletInvocableHandlerMethod.java:117) ~[spring-webmvc-7.0.1.jar:7.0.1]
	at org.springframework.web.servlet.mvc.method.annotation.RequestMappingHandlerAdapter.invokeHandlerMethod(RequestMappingHandlerAdapter.java:934) ~[spring-webmvc-7.0.1.jar:7.0.1]
	at org.springframework.web.servlet.mvc.method.annotation.RequestMappingHandlerAdapter.handleInternal(RequestMappingHandlerAdapter.java:853) ~[spring-webmvc-7.0.1.jar:7.0.1]
	at org.springframework.web.servlet.mvc.method.AbstractHandlerMethodAdapter.handle(AbstractHandlerMethodAdapter.java:86) ~[spring-webmvc-7.0.1.jar:7.0.1]
	at org.springframework.web.servlet.DispatcherServlet.doDispatch(DispatcherServlet.java:963) ~[spring-webmvc-7.0.1.jar:7.0.1]
	at org.springframework.web.servlet.DispatcherServlet.doService(DispatcherServlet.java:866) ~[spring-webmvc-7.0.1.jar:7.0.1]
	at org.springframework.web.servlet.FrameworkServlet.processRequest(FrameworkServlet.java:1003) ~[spring-webmvc-7.0.1.jar:7.0.1]
	at org.springframework.web.servlet.FrameworkServlet.doPost(FrameworkServlet.java:903) ~[spring-webmvc-7.0.1.jar:7.0.1]
	at jakarta.servlet.http.HttpServlet.service(HttpServlet.java:649) ~[tomcat-embed-core-11.0.14.jar:6.1]
	at org.springframework.web.servlet.FrameworkServlet.service(FrameworkServlet.java:874) ~[spring-webmvc-7.0.1.jar:7.0.1]
	at org.springframework.test.web.servlet.TestDispatcherServlet.service(TestDispatcherServlet.java:72) ~[spring-test-7.0.1.jar:7.0.1]
	at jakarta.servlet.http.HttpServlet.service(HttpServlet.java:710) ~[tomcat-embed-core-11.0.14.jar:6.1]
	at org.springframework.mock.web.MockFilterChain$ServletFilterProxy.doFilter(MockFilterChain.java:160) ~[spring-test-7.0.1.jar:7.0.1]
	at org.springframework.mock.web.MockFilterChain.doFilter(MockFilterChain.java:127) ~[spring-test-7.0.1.jar:7.0.1]
	at org.springframework.web.filter.OncePerRequestFilter.doFilter(OncePerRequestFilter.java:110) ~[spring-web-7.0.1.jar:7.0.1]
	at org.springframework.test.web.servlet.setup.MockMvcFilterDecorator.doFilter(MockMvcFilterDecorator.java:160) ~[spring-test-7.0.1.jar:7.0.1]
	at org.springframework.mock.web.MockFilterChain.doFilter(MockFilterChain.java:127) ~[spring-test-7.0.1.jar:7.0.1]
	at org.springframework.web.filter.CompositeFilter$VirtualFilterChain.doFilter(CompositeFilter.java:108) ~[spring-web-7.0.1.jar:7.0.1]
	at org.springframework.security.web.FilterChainProxy.lambda$doFilterInternal$3(FilterChainProxy.java:235) ~[spring-security-web-7.0.0.jar:7.0.0]
	at org.springframework.security.web.FilterChainProxy$VirtualFilterChain.doFilter(FilterChainProxy.java:371) ~[spring-security-web-7.0.0.jar:7.0.0]
	at org.springframework.security.web.access.intercept.AuthorizationFilter.doFilter(AuthorizationFilter.java:101) ~[spring-security-web-7.0.0.jar:7.0.0]
	at org.springframework.security.web.FilterChainProxy$VirtualFilterChain.doFilter(FilterChainProxy.java:380) ~[spring-security-web-7.0.0.jar:7.0.0]
	at org.springframework.security.web.access.ExceptionTranslationFilter.doFilter(ExceptionTranslationFilter.java:126) ~[spring-security-web-7.0.0.jar:7.0.0]
	at org.springframework.security.web.access.ExceptionTranslationFilter.doFilter(ExceptionTranslationFilter.java:120) ~[spring-security-web-7.0.0.jar:7.0.0]
	at org.springframework.security.web.FilterChainProxy$VirtualFilterChain.doFilter(FilterChainProxy.java:380) ~[spring-security-web-7.0.0.jar:7.0.0]
	at org.springframework.security.web.session.SessionManagementFilter.doFilter(SessionManagementFilter.java:132) ~[spring-security-web-7.0.0.jar:7.0.0]
	at org.springframework.security.web.session.SessionManagementFilter.doFilter(SessionManagementFilter.java:86) ~[spring-security-web-7.0.0.jar:7.0.0]
	at org.springframework.security.web.FilterChainProxy$VirtualFilterChain.doFilter(FilterChainProxy.java:380) ~[spring-security-web-7.0.0.jar:7.0.0]
	at org.springframework.security.web.authentication.AnonymousAuthenticationFilter.doFilter(AnonymousAuthenticationFilter.java:100) ~[spring-security-web-7.0.0.jar:7.0.0]
	at org.springframework.security.web.FilterChainProxy$VirtualFilterChain.doFilter(FilterChainProxy.java:380) ~[spring-security-web-7.0.0.jar:7.0.0]
	at org.springframework.security.web.servletapi.SecurityContextHolderAwareRequestFilter.doFilter(SecurityContextHolderAwareRequestFilter.java:181) ~[spring-security-web-7.0.0.jar:7.0.0]
	at org.springframework.security.web.FilterChainProxy$VirtualFilterChain.doFilter(FilterChainProxy.java:380) ~[spring-security-web-7.0.0.jar:7.0.0]
	at org.springframework.security.web.savedrequest.RequestCacheAwareFilter.doFilter(RequestCacheAwareFilter.java:63) ~[spring-security-web-7.0.0.jar:7.0.0]
	at org.springframework.security.web.FilterChainProxy$VirtualFilterChain.doFilter(FilterChainProxy.java:380) ~[spring-security-web-7.0.0.jar:7.0.0]
	at com.shotaroi.bank.security.JwtAuthenticationFilter.doFilterInternal(JwtAuthenticationFilter.java:65) ~[classes/:na]
	at org.springframework.web.filter.OncePerRequestFilter.doFilter(OncePerRequestFilter.java:116) ~[spring-web-7.0.1.jar:7.0.1]
	at org.springframework.security.web.FilterChainProxy$VirtualFilterChain.doFilter(FilterChainProxy.java:380) ~[spring-security-web-7.0.0.jar:7.0.0]
	at org.springframework.security.web.authentication.logout.LogoutFilter.doFilter(LogoutFilter.java:110) ~[spring-security-web-7.0.0.jar:7.0.0]
	at org.springframework.security.web.authentication.logout.LogoutFilter.doFilter(LogoutFilter.java:96) ~[spring-security-web-7.0.0.jar:7.0.0]
	at org.springframework.security.web.FilterChainProxy$VirtualFilterChain.doFilter(FilterChainProxy.java:380) ~[spring-security-web-7.0.0.jar:7.0.0]
	at org.springframework.security.web.header.HeaderWriterFilter.doHeadersAfter(HeaderWriterFilter.java:90) ~[spring-security-web-7.0.0.jar:7.0.0]
	at org.springframework.security.web.header.HeaderWriterFilter.doFilterInternal(HeaderWriterFilter.java:75) ~[spring-security-web-7.0.0.jar:7.0.0]
	at org.springframework.web.filter.OncePerRequestFilter.doFilter(OncePerRequestFilter.java:116) ~[spring-web-7.0.1.jar:7.0.1]
	at org.springframework.security.web.FilterChainProxy$VirtualFilterChain.doFilter(FilterChainProxy.java:380) ~[spring-security-web-7.0.0.jar:7.0.0]
	at org.springframework.security.web.context.SecurityContextHolderFilter.doFilter(SecurityContextHolderFilter.java:82) ~[spring-security-web-7.0.0.jar:7.0.0]
	at org.springframework.security.web.context.SecurityContextHolderFilter.doFilter(SecurityContextHolderFilter.java:69) ~[spring-security-web-7.0.0.jar:7.0.0]
	at org.springframework.security.web.FilterChainProxy$VirtualFilterChain.doFilter(FilterChainProxy.java:380) ~[spring-security-web-7.0.0.jar:7.0.0]
	at org.springframework.security.web.context.request.async.WebAsyncManagerIntegrationFilter.doFilterInternal(WebAsyncManagerIntegrationFilter.java:62) ~[spring-security-web-7.0.0.jar:7.0.0]
	at org.springframework.web.filter.OncePerRequestFilter.doFilter(OncePerRequestFilter.java:116) ~[spring-web-7.0.1.jar:7.0.1]
	at org.springframework.security.web.FilterChainProxy$VirtualFilterChain.doFilter(FilterChainProxy.java:380) ~[spring-security-web-7.0.0.jar:7.0.0]
	at org.springframework.security.web.session.DisableEncodeUrlFilter.doFilterInternal(DisableEncodeUrlFilter.java:42) ~[spring-security-web-7.0.0.jar:7.0.0]
	at org.springframework.web.filter.OncePerRequestFilter.doFilter(OncePerRequestFilter.java:116) ~[spring-web-7.0.1.jar:7.0.1]
	at org.springframework.security.web.FilterChainProxy$VirtualFilterChain.doFilter(FilterChainProxy.java:380) ~[spring-security-web-7.0.0.jar:7.0.0]
	at org.springframework.security.web.FilterChainProxy.doFilterInternal(FilterChainProxy.java:237) ~[spring-security-web-7.0.0.jar:7.0.0]
	at org.springframework.security.web.FilterChainProxy.doFilter(FilterChainProxy.java:195) ~[spring-security-web-7.0.0.jar:7.0.0]
	at org.springframework.web.filter.CompositeFilter$VirtualFilterChain.doFilter(CompositeFilter.java:113) ~[spring-web-7.0.1.jar:7.0.1]
	at org.springframework.web.filter.ServletRequestPathFilter.doFilter(ServletRequestPathFilter.java:52) ~[spring-web-7.0.1.jar:7.0.1]
	at org.springframework.web.filter.CompositeFilter$VirtualFilterChain.doFilter(CompositeFilter.java:113) ~[spring-web-7.0.1.jar:7.0.1]
	at org.springframework.web.filter.CompositeFilter.doFilter(CompositeFilter.java:74) ~[spring-web-7.0.1.jar:7.0.1]
	at org.springframework.security.config.annotation.web.configuration.WebSecurityConfiguration$CompositeFilterChainProxy.doFilter(WebSecurityConfiguration.java:317) ~[spring-security-config-7.0.0.jar:7.0.0]
	at org.springframework.web.filter.DelegatingFilterProxy.invokeDelegate(DelegatingFilterProxy.java:355) ~[spring-web-7.0.1.jar:7.0.1]
	at org.springframework.web.filter.DelegatingFilterProxy.doFilter(DelegatingFilterProxy.java:272) ~[spring-web-7.0.1.jar:7.0.1]
	at org.springframework.test.web.servlet.setup.MockMvcFilterDecorator.doFilter(MockMvcFilterDecorator.java:160) ~[spring-test-7.0.1.jar:7.0.1]
	at org.springframework.mock.web.MockFilterChain.doFilter(MockFilterChain.java:127) ~[spring-test-7.0.1.jar:7.0.1]
	at org.springframework.web.filter.RequestContextFilter.doFilterInternal(RequestContextFilter.java:100) ~[spring-web-7.0.1.jar:7.0.1]
	at org.springframework.web.filter.OncePerRequestFilter.doFilter(OncePerRequestFilter.java:116) ~[spring-web-7.0.1.jar:7.0.1]
	at org.springframework.test.web.servlet.setup.MockMvcFilterDecorator.doFilter(MockMvcFilterDecorator.java:160) ~[spring-test-7.0.1.jar:7.0.1]
	at org.springframework.mock.web.MockFilterChain.doFilter(MockFilterChain.java:127) ~[spring-test-7.0.1.jar:7.0.1]
	at org.springframework.web.filter.FormContentFilter.doFilterInternal(FormContentFilter.java:93) ~[spring-web-7.0.1.jar:7.0.1]
	at org.springframework.web.filter.OncePerRequestFilter.doFilter(OncePerRequestFilter.java:116) ~[spring-web-7.0.1.jar:7.0.1]
	at org.springframework.test.web.servlet.setup.MockMvcFilterDecorator.doFilter(MockMvcFilterDecorator.java:160) ~[spring-test-7.0.1.jar:7.0.1]
	at org.springframework.mock.web.MockFilterChain.doFilter(MockFilterChain.java:127) ~[spring-test-7.0.1.jar:7.0.1]
	at org.springframework.web.filter.CharacterEncodingFilter.doFilterInternal(CharacterEncodingFilter.java:199) ~[spring-web-7.0.1.jar:7.0.1]
	at org.springframework.web.filter.OncePerRequestFilter.doFilter(OncePerRequestFilter.java:116) ~[spring-web-7.0.1.jar:7.0.1]
	at org.springframework.test.web.servlet.setup.MockMvcFilterDecorator.doFilter(MockMvcFilterDecorator.java:160) ~[spring-test-7.0.1.jar:7.0.1]
	at org.springframework.mock.web.MockFilterChain.doFilter(MockFilterChain.java:127) ~[spring-test-7.0.1.jar:7.0.1]
	at org.springframework.test.web.servlet.MockMvc.perform(MockMvc.java:199) ~[spring-test-7.0.1.jar:7.0.1]
	at com.shotaroi.bank.integration.TransferIntegrationTest.lambda$concurrency_20TransfersNoNegativeBalance$0(TransferIntegrationTest.java:239) ~[test-classes/:na]
	at java.base/java.util.concurrent.Executors$RunnableAdapter.call(Executors.java:545) ~[na:na]
	at java.base/java.util.concurrent.FutureTask.run(FutureTask.java:328) ~[na:na]
	at java.base/java.util.concurrent.ThreadPoolExecutor.runWorker(ThreadPoolExecutor.java:1095) ~[na:na]
	at java.base/java.util.concurrent.ThreadPoolExecutor$Worker.run(ThreadPoolExecutor.java:619) ~[na:na]
	at java.base/java.lang.Thread.run(Thread.java:1447) ~[na:na]
Caused by: org.hibernate.exception.LockAcquisitionException: could not execute statement [ERROR: deadlock detected
  Detail: Process 64 waits for ShareLock on transaction 743; blocked by process 70.
Process 70 waits for ShareLock on transaction 748; blocked by process 64.
  Hint: See server log for query details.
  Where: while updating tuple (0,1) in relation "account"] [update account set balance=?,currency=?,customer_id=?,iban=?,version=? where id=? and version=?]
	at org.hibernate.dialect.PostgreSQLDialect.lambda$buildSQLExceptionConversionDelegate$1(PostgreSQLDialect.java:1050) ~[hibernate-core-7.1.8.Final.jar:7.1.8.Final]
	at org.hibernate.exception.internal.StandardSQLExceptionConverter.convert(StandardSQLExceptionConverter.java:34) ~[hibernate-core-7.1.8.Final.jar:7.1.8.Final]
	at org.hibernate.engine.jdbc.spi.SqlExceptionHelper.convert(SqlExceptionHelper.java:115) ~[hibernate-core-7.1.8.Final.jar:7.1.8.Final]
	at org.hibernate.engine.jdbc.internal.ResultSetReturnImpl.executeUpdate(ResultSetReturnImpl.java:193) ~[hibernate-core-7.1.8.Final.jar:7.1.8.Final]
	at org.hibernate.engine.jdbc.mutation.internal.AbstractMutationExecutor.performNonBatchedMutation(AbstractMutationExecutor.java:148) ~[hibernate-core-7.1.8.Final.jar:7.1.8.Final]
	at org.hibernate.engine.jdbc.mutation.internal.MutationExecutorSingleNonBatched.performNonBatchedOperations(MutationExecutorSingleNonBatched.java:53) ~[hibernate-core-7.1.8.Final.jar:7.1.8.Final]
	at org.hibernate.engine.jdbc.mutation.internal.AbstractMutationExecutor.execute(AbstractMutationExecutor.java:66) ~[hibernate-core-7.1.8.Final.jar:7.1.8.Final]
	at org.hibernate.persister.entity.mutation.UpdateCoordinatorStandard.doStaticUpdate(UpdateCoordinatorStandard.java:774) ~[hibernate-core-7.1.8.Final.jar:7.1.8.Final]
	at org.hibernate.persister.entity.mutation.UpdateCoordinatorStandard.performUpdate(UpdateCoordinatorStandard.java:317) ~[hibernate-core-7.1.8.Final.jar:7.1.8.Final]
	at org.hibernate.persister.entity.mutation.UpdateCoordinatorStandard.update(UpdateCoordinatorStandard.java:235) ~[hibernate-core-7.1.8.Final.jar:7.1.8.Final]
	at org.hibernate.action.internal.EntityUpdateAction.execute(EntityUpdateAction.java:172) ~[hibernate-core-7.1.8.Final.jar:7.1.8.Final]
	at org.hibernate.engine.spi.ActionQueue.executeActions(ActionQueue.java:646) ~[hibernate-core-7.1.8.Final.jar:7.1.8.Final]
	at org.hibernate.engine.spi.ActionQueue.executeActions(ActionQueue.java:513) ~[hibernate-core-7.1.8.Final.jar:7.1.8.Final]
	at org.hibernate.event.internal.AbstractFlushingEventListener.performExecutions(AbstractFlushingEventListener.java:378) ~[hibernate-core-7.1.8.Final.jar:7.1.8.Final]
	at org.hibernate.event.internal.DefaultFlushEventListener.onFlush(DefaultFlushEventListener.java:39) ~[hibernate-core-7.1.8.Final.jar:7.1.8.Final]
	at org.hibernate.event.service.internal.EventListenerGroupImpl.fireEventOnEachListener(EventListenerGroupImpl.java:140) ~[hibernate-core-7.1.8.Final.jar:7.1.8.Final]
	at org.hibernate.internal.SessionImpl.doFlush(SessionImpl.java:1447) ~[hibernate-core-7.1.8.Final.jar:7.1.8.Final]
	at org.hibernate.internal.SessionImpl.managedFlush(SessionImpl.java:488) ~[hibernate-core-7.1.8.Final.jar:7.1.8.Final]
	at org.hibernate.internal.SessionImpl.flushBeforeTransactionCompletion(SessionImpl.java:2325) ~[hibernate-core-7.1.8.Final.jar:7.1.8.Final]
	at org.hibernate.internal.SessionImpl.beforeTransactionCompletion(SessionImpl.java:2033) ~[hibernate-core-7.1.8.Final.jar:7.1.8.Final]
	at org.hibernate.engine.jdbc.internal.JdbcCoordinatorImpl.beforeTransactionCompletion(JdbcCoordinatorImpl.java:394) ~[hibernate-core-7.1.8.Final.jar:7.1.8.Final]
	at org.hibernate.resource.transaction.backend.jdbc.internal.JdbcResourceLocalTransactionCoordinatorImpl.beforeCompletionCallback(JdbcResourceLocalTransactionCoordinatorImpl.java:167) ~[hibernate-core-7.1.8.Final.jar:7.1.8.Final]
	at org.hibernate.resource.transaction.backend.jdbc.internal.JdbcResourceLocalTransactionCoordinatorImpl$TransactionDriverControlImpl.commitNoRollbackOnly(JdbcResourceLocalTransactionCoordinatorImpl.java:249) ~[hibernate-core-7.1.8.Final.jar:7.1.8.Final]
	at org.hibernate.resource.transaction.backend.jdbc.internal.JdbcResourceLocalTransactionCoordinatorImpl$TransactionDriverControlImpl.commit(JdbcResourceLocalTransactionCoordinatorImpl.java:243) ~[hibernate-core-7.1.8.Final.jar:7.1.8.Final]
	at org.hibernate.engine.transaction.internal.TransactionImpl.commit(TransactionImpl.java:90) ~[hibernate-core-7.1.8.Final.jar:7.1.8.Final]
	at org.springframework.orm.jpa.JpaTransactionManager.doCommit(JpaTransactionManager.java:553) ~[spring-orm-7.0.1.jar:7.0.1]
	... 96 common frames omitted
Caused by: org.postgresql.util.PSQLException: ERROR: deadlock detected
  Detail: Process 64 waits for ShareLock on transaction 743; blocked by process 70.
Process 70 waits for ShareLock on transaction 748; blocked by process 64.
  Hint: See server log for query details.
  Where: while updating tuple (0,1) in relation "account"
	at org.postgresql.core.v3.QueryExecutorImpl.receiveErrorResponse(QueryExecutorImpl.java:2736) ~[postgresql-42.7.8.jar:42.7.8]
	at org.postgresql.core.v3.QueryExecutorImpl.processResults(QueryExecutorImpl.java:2421) ~[postgresql-42.7.8.jar:42.7.8]
	at org.postgresql.core.v3.QueryExecutorImpl.execute(QueryExecutorImpl.java:372) ~[postgresql-42.7.8.jar:42.7.8]
	at org.postgresql.jdbc.PgStatement.executeInternal(PgStatement.java:525) ~[postgresql-42.7.8.jar:42.7.8]
	at org.postgresql.jdbc.PgStatement.execute(PgStatement.java:435) ~[postgresql-42.7.8.jar:42.7.8]
	at org.postgresql.jdbc.PgPreparedStatement.executeWithFlags(PgPreparedStatement.java:196) ~[postgresql-42.7.8.jar:42.7.8]
	at org.postgresql.jdbc.PgPreparedStatement.executeUpdate(PgPreparedStatement.java:157) ~[postgresql-42.7.8.jar:42.7.8]
	at com.zaxxer.hikari.pool.ProxyPreparedStatement.executeUpdate(ProxyPreparedStatement.java:61) ~[HikariCP-7.0.2.jar:na]
	at com.zaxxer.hikari.pool.HikariProxyPreparedStatement.executeUpdate(HikariProxyPreparedStatement.java) ~[HikariCP-7.0.2.jar:na]
	at org.hibernate.engine.jdbc.internal.ResultSetReturnImpl.executeUpdate(ResultSetReturnImpl.java:190) ~[hibernate-core-7.1.8.Final.jar:7.1.8.Final]
	... 118 common frames omitted

2026-02-20T17:17:18.234+01:00  INFO 52956 --- [mini-core-banking-system] [pool-3-thread-8] c.s.bank.transfer.TransferService        : Transfer completed: id=12, from=2, to=1, amount=30.00 SEK
2026-02-20T17:17:19.176+01:00  WARN 52956 --- [mini-core-banking-system] [pool-3-thread-7] org.hibernate.orm.jdbc.error             : HHH000247: ErrorCode: 0, SQLState: 40P01
2026-02-20T17:17:19.177+01:00  WARN 52956 --- [mini-core-banking-system] [pool-3-thread-7] org.hibernate.orm.jdbc.error             : ERROR: deadlock detected
  Detail: Process 70 waits for ShareLock on transaction 745; blocked by process 67.
Process 67 waits for ShareLock on transaction 743; blocked by process 70.
  Hint: See server log for query details.
  Where: while updating tuple (0,2) in relation "account"
2026-02-20T17:17:19.183+01:00 ERROR 52956 --- [mini-core-banking-system] [pool-3-thread-7] c.s.b.c.e.GlobalExceptionHandler         : Unexpected error

org.springframework.dao.CannotAcquireLockException: could not execute statement [ERROR: deadlock detected
  Detail: Process 70 waits for ShareLock on transaction 745; blocked by process 67.
Process 67 waits for ShareLock on transaction 743; blocked by process 70.
  Hint: See server log for query details.
  Where: while updating tuple (0,2) in relation "account"] [update account set balance=?,currency=?,customer_id=?,iban=?,version=? where id=? and version=?]; SQL [update account set balance=?,currency=?,customer_id=?,iban=?,version=? where id=? and version=?]
	at org.springframework.orm.jpa.hibernate.HibernateExceptionTranslator.convertHibernateAccessException(HibernateExceptionTranslator.java:162) ~[spring-orm-7.0.1.jar:7.0.1]
	at org.springframework.orm.jpa.hibernate.HibernateExceptionTranslator.convertHibernateAccessException(HibernateExceptionTranslator.java:131) ~[spring-orm-7.0.1.jar:7.0.1]
	at org.springframework.orm.jpa.hibernate.HibernateExceptionTranslator.translateExceptionIfPossible(HibernateExceptionTranslator.java:109) ~[spring-orm-7.0.1.jar:7.0.1]
	at org.springframework.orm.jpa.vendor.HibernateJpaDialect.translateExceptionIfPossible(HibernateJpaDialect.java:199) ~[spring-orm-7.0.1.jar:7.0.1]
	at org.springframework.orm.jpa.JpaTransactionManager.doCommit(JpaTransactionManager.java:557) ~[spring-orm-7.0.1.jar:7.0.1]
	at org.springframework.transaction.support.AbstractPlatformTransactionManager.processCommit(AbstractPlatformTransactionManager.java:794) ~[spring-tx-7.0.1.jar:7.0.1]
	at org.springframework.transaction.support.AbstractPlatformTransactionManager.commit(AbstractPlatformTransactionManager.java:757) ~[spring-tx-7.0.1.jar:7.0.1]
	at org.springframework.transaction.interceptor.TransactionAspectSupport.commitTransactionAfterReturning(TransactionAspectSupport.java:684) ~[spring-tx-7.0.1.jar:7.0.1]
	at org.springframework.transaction.interceptor.TransactionAspectSupport.invokeWithinTransaction(TransactionAspectSupport.java:406) ~[spring-tx-7.0.1.jar:7.0.1]
	at org.springframework.transaction.interceptor.TransactionInterceptor.invoke(TransactionInterceptor.java:118) ~[spring-tx-7.0.1.jar:7.0.1]
	at org.springframework.aop.framework.ReflectiveMethodInvocation.proceed(ReflectiveMethodInvocation.java:179) ~[spring-aop-7.0.1.jar:7.0.1]
	at org.springframework.aop.framework.CglibAopProxy$DynamicAdvisedInterceptor.intercept(CglibAopProxy.java:719) ~[spring-aop-7.0.1.jar:7.0.1]
	at com.shotaroi.bank.transfer.TransferService$$SpringCGLIB$$0.executeTransfer(<generated>) ~[classes/:na]
	at com.shotaroi.bank.transfer.TransferController.createTransfer(TransferController.java:27) ~[classes/:na]
	at java.base/jdk.internal.reflect.DirectMethodHandleAccessor.invoke(DirectMethodHandleAccessor.java:104) ~[na:na]
	at java.base/java.lang.reflect.Method.invoke(Method.java:565) ~[na:na]
	at org.springframework.web.method.support.InvocableHandlerMethod.doInvoke(InvocableHandlerMethod.java:258) ~[spring-web-7.0.1.jar:7.0.1]
	at org.springframework.web.method.support.InvocableHandlerMethod.invokeForRequest(InvocableHandlerMethod.java:190) ~[spring-web-7.0.1.jar:7.0.1]
	at org.springframework.web.servlet.mvc.method.annotation.ServletInvocableHandlerMethod.invokeAndHandle(ServletInvocableHandlerMethod.java:117) ~[spring-webmvc-7.0.1.jar:7.0.1]
	at org.springframework.web.servlet.mvc.method.annotation.RequestMappingHandlerAdapter.invokeHandlerMethod(RequestMappingHandlerAdapter.java:934) ~[spring-webmvc-7.0.1.jar:7.0.1]
	at org.springframework.web.servlet.mvc.method.annotation.RequestMappingHandlerAdapter.handleInternal(RequestMappingHandlerAdapter.java:853) ~[spring-webmvc-7.0.1.jar:7.0.1]
	at org.springframework.web.servlet.mvc.method.AbstractHandlerMethodAdapter.handle(AbstractHandlerMethodAdapter.java:86) ~[spring-webmvc-7.0.1.jar:7.0.1]
	at org.springframework.web.servlet.DispatcherServlet.doDispatch(DispatcherServlet.java:963) ~[spring-webmvc-7.0.1.jar:7.0.1]
	at org.springframework.web.servlet.DispatcherServlet.doService(DispatcherServlet.java:866) ~[spring-webmvc-7.0.1.jar:7.0.1]
	at org.springframework.web.servlet.FrameworkServlet.processRequest(FrameworkServlet.java:1003) ~[spring-webmvc-7.0.1.jar:7.0.1]
	at org.springframework.web.servlet.FrameworkServlet.doPost(FrameworkServlet.java:903) ~[spring-webmvc-7.0.1.jar:7.0.1]
	at jakarta.servlet.http.HttpServlet.service(HttpServlet.java:649) ~[tomcat-embed-core-11.0.14.jar:6.1]
	at org.springframework.web.servlet.FrameworkServlet.service(FrameworkServlet.java:874) ~[spring-webmvc-7.0.1.jar:7.0.1]
	at org.springframework.test.web.servlet.TestDispatcherServlet.service(TestDispatcherServlet.java:72) ~[spring-test-7.0.1.jar:7.0.1]
	at jakarta.servlet.http.HttpServlet.service(HttpServlet.java:710) ~[tomcat-embed-core-11.0.14.jar:6.1]
	at org.springframework.mock.web.MockFilterChain$ServletFilterProxy.doFilter(MockFilterChain.java:160) ~[spring-test-7.0.1.jar:7.0.1]
	at org.springframework.mock.web.MockFilterChain.doFilter(MockFilterChain.java:127) ~[spring-test-7.0.1.jar:7.0.1]
	at org.springframework.web.filter.OncePerRequestFilter.doFilter(OncePerRequestFilter.java:110) ~[spring-web-7.0.1.jar:7.0.1]
	at org.springframework.test.web.servlet.setup.MockMvcFilterDecorator.doFilter(MockMvcFilterDecorator.java:160) ~[spring-test-7.0.1.jar:7.0.1]
	at org.springframework.mock.web.MockFilterChain.doFilter(MockFilterChain.java:127) ~[spring-test-7.0.1.jar:7.0.1]
	at org.springframework.web.filter.CompositeFilter$VirtualFilterChain.doFilter(CompositeFilter.java:108) ~[spring-web-7.0.1.jar:7.0.1]
	at org.springframework.security.web.FilterChainProxy.lambda$doFilterInternal$3(FilterChainProxy.java:235) ~[spring-security-web-7.0.0.jar:7.0.0]
	at org.springframework.security.web.FilterChainProxy$VirtualFilterChain.doFilter(FilterChainProxy.java:371) ~[spring-security-web-7.0.0.jar:7.0.0]
	at org.springframework.security.web.access.intercept.AuthorizationFilter.doFilter(AuthorizationFilter.java:101) ~[spring-security-web-7.0.0.jar:7.0.0]
	at org.springframework.security.web.FilterChainProxy$VirtualFilterChain.doFilter(FilterChainProxy.java:380) ~[spring-security-web-7.0.0.jar:7.0.0]
	at org.springframework.security.web.access.ExceptionTranslationFilter.doFilter(ExceptionTranslationFilter.java:126) ~[spring-security-web-7.0.0.jar:7.0.0]
	at org.springframework.security.web.access.ExceptionTranslationFilter.doFilter(ExceptionTranslationFilter.java:120) ~[spring-security-web-7.0.0.jar:7.0.0]
	at org.springframework.security.web.FilterChainProxy$VirtualFilterChain.doFilter(FilterChainProxy.java:380) ~[spring-security-web-7.0.0.jar:7.0.0]
	at org.springframework.security.web.session.SessionManagementFilter.doFilter(SessionManagementFilter.java:132) ~[spring-security-web-7.0.0.jar:7.0.0]
	at org.springframework.security.web.session.SessionManagementFilter.doFilter(SessionManagementFilter.java:86) ~[spring-security-web-7.0.0.jar:7.0.0]
	at org.springframework.security.web.FilterChainProxy$VirtualFilterChain.doFilter(FilterChainProxy.java:380) ~[spring-security-web-7.0.0.jar:7.0.0]
	at org.springframework.security.web.authentication.AnonymousAuthenticationFilter.doFilter(AnonymousAuthenticationFilter.java:100) ~[spring-security-web-7.0.0.jar:7.0.0]
	at org.springframework.security.web.FilterChainProxy$VirtualFilterChain.doFilter(FilterChainProxy.java:380) ~[spring-security-web-7.0.0.jar:7.0.0]
	at org.springframework.security.web.servletapi.SecurityContextHolderAwareRequestFilter.doFilter(SecurityContextHolderAwareRequestFilter.java:181) ~[spring-security-web-7.0.0.jar:7.0.0]
	at org.springframework.security.web.FilterChainProxy$VirtualFilterChain.doFilter(FilterChainProxy.java:380) ~[spring-security-web-7.0.0.jar:7.0.0]
	at org.springframework.security.web.savedrequest.RequestCacheAwareFilter.doFilter(RequestCacheAwareFilter.java:63) ~[spring-security-web-7.0.0.jar:7.0.0]
	at org.springframework.security.web.FilterChainProxy$VirtualFilterChain.doFilter(FilterChainProxy.java:380) ~[spring-security-web-7.0.0.jar:7.0.0]
	at com.shotaroi.bank.security.JwtAuthenticationFilter.doFilterInternal(JwtAuthenticationFilter.java:65) ~[classes/:na]
	at org.springframework.web.filter.OncePerRequestFilter.doFilter(OncePerRequestFilter.java:116) ~[spring-web-7.0.1.jar:7.0.1]
	at org.springframework.security.web.FilterChainProxy$VirtualFilterChain.doFilter(FilterChainProxy.java:380) ~[spring-security-web-7.0.0.jar:7.0.0]
	at org.springframework.security.web.authentication.logout.LogoutFilter.doFilter(LogoutFilter.java:110) ~[spring-security-web-7.0.0.jar:7.0.0]
	at org.springframework.security.web.authentication.logout.LogoutFilter.doFilter(LogoutFilter.java:96) ~[spring-security-web-7.0.0.jar:7.0.0]
	at org.springframework.security.web.FilterChainProxy$VirtualFilterChain.doFilter(FilterChainProxy.java:380) ~[spring-security-web-7.0.0.jar:7.0.0]
	at org.springframework.security.web.header.HeaderWriterFilter.doHeadersAfter(HeaderWriterFilter.java:90) ~[spring-security-web-7.0.0.jar:7.0.0]
	at org.springframework.security.web.header.HeaderWriterFilter.doFilterInternal(HeaderWriterFilter.java:75) ~[spring-security-web-7.0.0.jar:7.0.0]
	at org.springframework.web.filter.OncePerRequestFilter.doFilter(OncePerRequestFilter.java:116) ~[spring-web-7.0.1.jar:7.0.1]
	at org.springframework.security.web.FilterChainProxy$VirtualFilterChain.doFilter(FilterChainProxy.java:380) ~[spring-security-web-7.0.0.jar:7.0.0]
	at org.springframework.security.web.context.SecurityContextHolderFilter.doFilter(SecurityContextHolderFilter.java:82) ~[spring-security-web-7.0.0.jar:7.0.0]
	at org.springframework.security.web.context.SecurityContextHolderFilter.doFilter(SecurityContextHolderFilter.java:69) ~[spring-security-web-7.0.0.jar:7.0.0]
	at org.springframework.security.web.FilterChainProxy$VirtualFilterChain.doFilter(FilterChainProxy.java:380) ~[spring-security-web-7.0.0.jar:7.0.0]
	at org.springframework.security.web.context.request.async.WebAsyncManagerIntegrationFilter.doFilterInternal(WebAsyncManagerIntegrationFilter.java:62) ~[spring-security-web-7.0.0.jar:7.0.0]
	at org.springframework.web.filter.OncePerRequestFilter.doFilter(OncePerRequestFilter.java:116) ~[spring-web-7.0.1.jar:7.0.1]
	at org.springframework.security.web.FilterChainProxy$VirtualFilterChain.doFilter(FilterChainProxy.java:380) ~[spring-security-web-7.0.0.jar:7.0.0]
	at org.springframework.security.web.session.DisableEncodeUrlFilter.doFilterInternal(DisableEncodeUrlFilter.java:42) ~[spring-security-web-7.0.0.jar:7.0.0]
	at org.springframework.web.filter.OncePerRequestFilter.doFilter(OncePerRequestFilter.java:116) ~[spring-web-7.0.1.jar:7.0.1]
	at org.springframework.security.web.FilterChainProxy$VirtualFilterChain.doFilter(FilterChainProxy.java:380) ~[spring-security-web-7.0.0.jar:7.0.0]
	at org.springframework.security.web.FilterChainProxy.doFilterInternal(FilterChainProxy.java:237) ~[spring-security-web-7.0.0.jar:7.0.0]
	at org.springframework.security.web.FilterChainProxy.doFilter(FilterChainProxy.java:195) ~[spring-security-web-7.0.0.jar:7.0.0]
	at org.springframework.web.filter.CompositeFilter$VirtualFilterChain.doFilter(CompositeFilter.java:113) ~[spring-web-7.0.1.jar:7.0.1]
	at org.springframework.web.filter.ServletRequestPathFilter.doFilter(ServletRequestPathFilter.java:52) ~[spring-web-7.0.1.jar:7.0.1]
	at org.springframework.web.filter.CompositeFilter$VirtualFilterChain.doFilter(CompositeFilter.java:113) ~[spring-web-7.0.1.jar:7.0.1]
	at org.springframework.web.filter.CompositeFilter.doFilter(CompositeFilter.java:74) ~[spring-web-7.0.1.jar:7.0.1]
	at org.springframework.security.config.annotation.web.configuration.WebSecurityConfiguration$CompositeFilterChainProxy.doFilter(WebSecurityConfiguration.java:317) ~[spring-security-config-7.0.0.jar:7.0.0]
	at org.springframework.web.filter.DelegatingFilterProxy.invokeDelegate(DelegatingFilterProxy.java:355) ~[spring-web-7.0.1.jar:7.0.1]
	at org.springframework.web.filter.DelegatingFilterProxy.doFilter(DelegatingFilterProxy.java:272) ~[spring-web-7.0.1.jar:7.0.1]
	at org.springframework.test.web.servlet.setup.MockMvcFilterDecorator.doFilter(MockMvcFilterDecorator.java:160) ~[spring-test-7.0.1.jar:7.0.1]
	at org.springframework.mock.web.MockFilterChain.doFilter(MockFilterChain.java:127) ~[spring-test-7.0.1.jar:7.0.1]
	at org.springframework.web.filter.RequestContextFilter.doFilterInternal(RequestContextFilter.java:100) ~[spring-web-7.0.1.jar:7.0.1]
	at org.springframework.web.filter.OncePerRequestFilter.doFilter(OncePerRequestFilter.java:116) ~[spring-web-7.0.1.jar:7.0.1]
	at org.springframework.test.web.servlet.setup.MockMvcFilterDecorator.doFilter(MockMvcFilterDecorator.java:160) ~[spring-test-7.0.1.jar:7.0.1]
	at org.springframework.mock.web.MockFilterChain.doFilter(MockFilterChain.java:127) ~[spring-test-7.0.1.jar:7.0.1]
	at org.springframework.web.filter.FormContentFilter.doFilterInternal(FormContentFilter.java:93) ~[spring-web-7.0.1.jar:7.0.1]
	at org.springframework.web.filter.OncePerRequestFilter.doFilter(OncePerRequestFilter.java:116) ~[spring-web-7.0.1.jar:7.0.1]
	at org.springframework.test.web.servlet.setup.MockMvcFilterDecorator.doFilter(MockMvcFilterDecorator.java:160) ~[spring-test-7.0.1.jar:7.0.1]
	at org.springframework.mock.web.MockFilterChain.doFilter(MockFilterChain.java:127) ~[spring-test-7.0.1.jar:7.0.1]
	at org.springframework.web.filter.CharacterEncodingFilter.doFilterInternal(CharacterEncodingFilter.java:199) ~[spring-web-7.0.1.jar:7.0.1]
	at org.springframework.web.filter.OncePerRequestFilter.doFilter(OncePerRequestFilter.java:116) ~[spring-web-7.0.1.jar:7.0.1]
	at org.springframework.test.web.servlet.setup.MockMvcFilterDecorator.doFilter(MockMvcFilterDecorator.java:160) ~[spring-test-7.0.1.jar:7.0.1]
	at org.springframework.mock.web.MockFilterChain.doFilter(MockFilterChain.java:127) ~[spring-test-7.0.1.jar:7.0.1]
	at org.springframework.test.web.servlet.MockMvc.perform(MockMvc.java:199) ~[spring-test-7.0.1.jar:7.0.1]
	at com.shotaroi.bank.integration.TransferIntegrationTest.lambda$concurrency_20TransfersNoNegativeBalance$0(TransferIntegrationTest.java:239) ~[test-classes/:na]
	at java.base/java.util.concurrent.Executors$RunnableAdapter.call(Executors.java:545) ~[na:na]
	at java.base/java.util.concurrent.FutureTask.run(FutureTask.java:328) ~[na:na]
	at java.base/java.util.concurrent.ThreadPoolExecutor.runWorker(ThreadPoolExecutor.java:1095) ~[na:na]
	at java.base/java.util.concurrent.ThreadPoolExecutor$Worker.run(ThreadPoolExecutor.java:619) ~[na:na]
	at java.base/java.lang.Thread.run(Thread.java:1447) ~[na:na]
Caused by: org.hibernate.exception.LockAcquisitionException: could not execute statement [ERROR: deadlock detected
  Detail: Process 70 waits for ShareLock on transaction 745; blocked by process 67.
Process 67 waits for ShareLock on transaction 743; blocked by process 70.
  Hint: See server log for query details.
  Where: while updating tuple (0,2) in relation "account"] [update account set balance=?,currency=?,customer_id=?,iban=?,version=? where id=? and version=?]
	at org.hibernate.dialect.PostgreSQLDialect.lambda$buildSQLExceptionConversionDelegate$1(PostgreSQLDialect.java:1050) ~[hibernate-core-7.1.8.Final.jar:7.1.8.Final]
	at org.hibernate.exception.internal.StandardSQLExceptionConverter.convert(StandardSQLExceptionConverter.java:34) ~[hibernate-core-7.1.8.Final.jar:7.1.8.Final]
	at org.hibernate.engine.jdbc.spi.SqlExceptionHelper.convert(SqlExceptionHelper.java:115) ~[hibernate-core-7.1.8.Final.jar:7.1.8.Final]
	at org.hibernate.engine.jdbc.internal.ResultSetReturnImpl.executeUpdate(ResultSetReturnImpl.java:193) ~[hibernate-core-7.1.8.Final.jar:7.1.8.Final]
	at org.hibernate.engine.jdbc.mutation.internal.AbstractMutationExecutor.performNonBatchedMutation(AbstractMutationExecutor.java:148) ~[hibernate-core-7.1.8.Final.jar:7.1.8.Final]
	at org.hibernate.engine.jdbc.mutation.internal.MutationExecutorSingleNonBatched.performNonBatchedOperations(MutationExecutorSingleNonBatched.java:53) ~[hibernate-core-7.1.8.Final.jar:7.1.8.Final]
	at org.hibernate.engine.jdbc.mutation.internal.AbstractMutationExecutor.execute(AbstractMutationExecutor.java:66) ~[hibernate-core-7.1.8.Final.jar:7.1.8.Final]
	at org.hibernate.persister.entity.mutation.UpdateCoordinatorStandard.doStaticUpdate(UpdateCoordinatorStandard.java:774) ~[hibernate-core-7.1.8.Final.jar:7.1.8.Final]
	at org.hibernate.persister.entity.mutation.UpdateCoordinatorStandard.performUpdate(UpdateCoordinatorStandard.java:317) ~[hibernate-core-7.1.8.Final.jar:7.1.8.Final]
	at org.hibernate.persister.entity.mutation.UpdateCoordinatorStandard.update(UpdateCoordinatorStandard.java:235) ~[hibernate-core-7.1.8.Final.jar:7.1.8.Final]
	at org.hibernate.action.internal.EntityUpdateAction.execute(EntityUpdateAction.java:172) ~[hibernate-core-7.1.8.Final.jar:7.1.8.Final]
	at org.hibernate.engine.spi.ActionQueue.executeActions(ActionQueue.java:646) ~[hibernate-core-7.1.8.Final.jar:7.1.8.Final]
	at org.hibernate.engine.spi.ActionQueue.executeActions(ActionQueue.java:513) ~[hibernate-core-7.1.8.Final.jar:7.1.8.Final]
	at org.hibernate.event.internal.AbstractFlushingEventListener.performExecutions(AbstractFlushingEventListener.java:378) ~[hibernate-core-7.1.8.Final.jar:7.1.8.Final]
	at org.hibernate.event.internal.DefaultFlushEventListener.onFlush(DefaultFlushEventListener.java:39) ~[hibernate-core-7.1.8.Final.jar:7.1.8.Final]
	at org.hibernate.event.service.internal.EventListenerGroupImpl.fireEventOnEachListener(EventListenerGroupImpl.java:140) ~[hibernate-core-7.1.8.Final.jar:7.1.8.Final]
	at org.hibernate.internal.SessionImpl.doFlush(SessionImpl.java:1447) ~[hibernate-core-7.1.8.Final.jar:7.1.8.Final]
	at org.hibernate.internal.SessionImpl.managedFlush(SessionImpl.java:488) ~[hibernate-core-7.1.8.Final.jar:7.1.8.Final]
	at org.hibernate.internal.SessionImpl.flushBeforeTransactionCompletion(SessionImpl.java:2325) ~[hibernate-core-7.1.8.Final.jar:7.1.8.Final]
	at org.hibernate.internal.SessionImpl.beforeTransactionCompletion(SessionImpl.java:2033) ~[hibernate-core-7.1.8.Final.jar:7.1.8.Final]
	at org.hibernate.engine.jdbc.internal.JdbcCoordinatorImpl.beforeTransactionCompletion(JdbcCoordinatorImpl.java:394) ~[hibernate-core-7.1.8.Final.jar:7.1.8.Final]
	at org.hibernate.resource.transaction.backend.jdbc.internal.JdbcResourceLocalTransactionCoordinatorImpl.beforeCompletionCallback(JdbcResourceLocalTransactionCoordinatorImpl.java:167) ~[hibernate-core-7.1.8.Final.jar:7.1.8.Final]
	at org.hibernate.resource.transaction.backend.jdbc.internal.JdbcResourceLocalTransactionCoordinatorImpl$TransactionDriverControlImpl.commitNoRollbackOnly(JdbcResourceLocalTransactionCoordinatorImpl.java:249) ~[hibernate-core-7.1.8.Final.jar:7.1.8.Final]
	at org.hibernate.resource.transaction.backend.jdbc.internal.JdbcResourceLocalTransactionCoordinatorImpl$TransactionDriverControlImpl.commit(JdbcResourceLocalTransactionCoordinatorImpl.java:243) ~[hibernate-core-7.1.8.Final.jar:7.1.8.Final]
	at org.hibernate.engine.transaction.internal.TransactionImpl.commit(TransactionImpl.java:90) ~[hibernate-core-7.1.8.Final.jar:7.1.8.Final]
	at org.springframework.orm.jpa.JpaTransactionManager.doCommit(JpaTransactionManager.java:553) ~[spring-orm-7.0.1.jar:7.0.1]
	... 96 common frames omitted
Caused by: org.postgresql.util.PSQLException: ERROR: deadlock detected
  Detail: Process 70 waits for ShareLock on transaction 745; blocked by process 67.
Process 67 waits for ShareLock on transaction 743; blocked by process 70.
  Hint: See server log for query details.
  Where: while updating tuple (0,2) in relation "account"
	at org.postgresql.core.v3.QueryExecutorImpl.receiveErrorResponse(QueryExecutorImpl.java:2736) ~[postgresql-42.7.8.jar:42.7.8]
	at org.postgresql.core.v3.QueryExecutorImpl.processResults(QueryExecutorImpl.java:2421) ~[postgresql-42.7.8.jar:42.7.8]
	at org.postgresql.core.v3.QueryExecutorImpl.execute(QueryExecutorImpl.java:372) ~[postgresql-42.7.8.jar:42.7.8]
	at org.postgresql.jdbc.PgStatement.executeInternal(PgStatement.java:525) ~[postgresql-42.7.8.jar:42.7.8]
	at org.postgresql.jdbc.PgStatement.execute(PgStatement.java:435) ~[postgresql-42.7.8.jar:42.7.8]
	at org.postgresql.jdbc.PgPreparedStatement.executeWithFlags(PgPreparedStatement.java:196) ~[postgresql-42.7.8.jar:42.7.8]
	at org.postgresql.jdbc.PgPreparedStatement.executeUpdate(PgPreparedStatement.java:157) ~[postgresql-42.7.8.jar:42.7.8]
	at com.zaxxer.hikari.pool.ProxyPreparedStatement.executeUpdate(ProxyPreparedStatement.java:61) ~[HikariCP-7.0.2.jar:na]
	at com.zaxxer.hikari.pool.HikariProxyPreparedStatement.executeUpdate(HikariProxyPreparedStatement.java) ~[HikariCP-7.0.2.jar:na]
	at org.hibernate.engine.jdbc.internal.ResultSetReturnImpl.executeUpdate(ResultSetReturnImpl.java:190) ~[hibernate-core-7.1.8.Final.jar:7.1.8.Final]
	... 118 common frames omitted

2026-02-20T17:17:19.223+01:00  WARN 52956 --- [mini-core-banking-system] [pool-3-thread-5] c.s.b.c.e.GlobalExceptionHandler         : Optimistic lock failure (retry recommended): Unexpected row count (expected row count 1 but was 0) [update account set balance=?,currency=?,customer_id=?,iban=?,version=? where id=? and version=?] for entity [com.shotaroi.bank.account.Account with id '1']
2026-02-20T17:17:19.223+01:00  WARN 52956 --- [mini-core-banking-system] [pool-3-thread-8] c.s.b.c.e.GlobalExceptionHandler         : Optimistic lock failure (retry recommended): Unexpected row count (expected row count 1 but was 0) [update account set balance=?,currency=?,customer_id=?,iban=?,version=? where id=? and version=?] for entity [com.shotaroi.bank.account.Account with id '2']
2026-02-20T17:17:19.223+01:00  WARN 52956 --- [mini-core-banking-system] [pool-3-thread-3] c.s.b.c.e.GlobalExceptionHandler         : Optimistic lock failure (retry recommended): Unexpected row count (expected row count 1 but was 0) [update account set balance=?,currency=?,customer_id=?,iban=?,version=? where id=? and version=?] for entity [com.shotaroi.bank.account.Account with id '1']
2026-02-20T17:17:19.223+01:00  WARN 52956 --- [mini-core-banking-system] [ool-3-thread-10] c.s.b.c.e.GlobalExceptionHandler         : Optimistic lock failure (retry recommended): Unexpected row count (expected row count 1 but was 0) [update account set balance=?,currency=?,customer_id=?,iban=?,version=? where id=? and version=?] for entity [com.shotaroi.bank.account.Account with id '2']
2026-02-20T17:17:19.223+01:00  WARN 52956 --- [mini-core-banking-system] [pool-3-thread-1] c.s.b.c.e.GlobalExceptionHandler         : Optimistic lock failure (retry recommended): Unexpected row count (expected row count 1 but was 0) [update account set balance=?,currency=?,customer_id=?,iban=?,version=? where id=? and version=?] for entity [com.shotaroi.bank.account.Account with id '1']
2026-02-20T17:17:19.224+01:00  WARN 52956 --- [mini-core-banking-system] [pool-3-thread-6] c.s.b.c.e.GlobalExceptionHandler         : Optimistic lock failure (retry recommended): Unexpected row count (expected row count 1 but was 0) [update account set balance=?,currency=?,customer_id=?,iban=?,version=? where id=? and version=?] for entity [com.shotaroi.bank.account.Account with id '2']
2026-02-20T17:17:19.223+01:00  WARN 52956 --- [mini-core-banking-system] [pool-3-thread-2] c.s.b.c.e.GlobalExceptionHandler         : Optimistic lock failure (retry recommended): Unexpected row count (expected row count 1 but was 0) [update account set balance=?,currency=?,customer_id=?,iban=?,version=? where id=? and version=?] for entity [com.shotaroi.bank.account.Account with id '2']
2026-02-20T17:17:19.230+01:00  WARN 52956 --- [mini-core-banking-system] [pool-3-thread-9] c.s.b.c.e.GlobalExceptionHandler         : Optimistic lock failure (retry recommended): Unexpected row count (expected row count 1 but was 0) [update account set balance=?,currency=?,customer_id=?,iban=?,version=? where id=? and version=?] for entity [com.shotaroi.bank.account.Account with id '1']
2026-02-20T17:17:19.282+01:00  INFO 52956 --- [mini-core-banking-system] [pool-3-thread-7] c.s.bank.transfer.TransferService        : Transfer completed: id=13, from=1, to=2, amount=30.00 SEK
2026-02-20T17:17:19.337+01:00  INFO 52956 --- [mini-core-banking-system] [pool-3-thread-8] c.s.bank.transfer.TransferService        : Transfer completed: id=17, from=2, to=1, amount=30.00 SEK
2026-02-20T17:17:19.337+01:00  INFO 52956 --- [mini-core-banking-system] [pool-3-thread-2] c.s.bank.transfer.TransferService        : Transfer completed: id=15, from=2, to=1, amount=30.00 SEK
2026-02-20T17:17:19.343+01:00  INFO 52956 --- [mini-core-banking-system] [pool-3-thread-3] c.s.bank.transfer.TransferService        : Transfer completed: id=16, from=1, to=2, amount=30.00 SEK
2026-02-20T17:17:19.344+01:00  INFO 52956 --- [mini-core-banking-system] [ool-3-thread-10] c.s.bank.transfer.TransferService        : Transfer completed: id=14, from=2, to=1, amount=30.00 SEK
2026-02-20T17:17:19.345+01:00  INFO 52956 --- [mini-core-banking-system] [pool-3-thread-9] c.s.bank.transfer.TransferService        : Transfer completed: id=18, from=1, to=2, amount=30.00 SEK
2026-02-20T17:17:19.359+01:00  INFO 52956 --- [mini-core-banking-system] [pool-3-thread-1] c.s.bank.transfer.TransferService        : Transfer completed: id=19, from=2, to=1, amount=30.00 SEK
2026-02-20T17:17:19.366+01:00  WARN 52956 --- [mini-core-banking-system] [pool-3-thread-9] c.s.b.c.e.GlobalExceptionHandler         : Optimistic lock failure (retry recommended): Unexpected row count (expected row count 1 but was 0) [update account set balance=?,currency=?,customer_id=?,iban=?,version=? where id=? and version=?] for entity [com.shotaroi.bank.account.Account with id '1']
2026-02-20T17:17:19.366+01:00  WARN 52956 --- [mini-core-banking-system] [pool-3-thread-2] c.s.b.c.e.GlobalExceptionHandler         : Optimistic lock failure (retry recommended): Unexpected row count (expected row count 1 but was 0) [update account set balance=?,currency=?,customer_id=?,iban=?,version=? where id=? and version=?] for entity [com.shotaroi.bank.account.Account with id '2']
2026-02-20T17:17:19.366+01:00  WARN 52956 --- [mini-core-banking-system] [pool-3-thread-3] c.s.b.c.e.GlobalExceptionHandler         : Optimistic lock failure (retry recommended): Unexpected row count (expected row count 1 but was 0) [update account set balance=?,currency=?,customer_id=?,iban=?,version=? where id=? and version=?] for entity [com.shotaroi.bank.account.Account with id '1']
2026-02-20T17:17:19.360+01:00  INFO 52956 --- [mini-core-banking-system] [pool-3-thread-5] c.s.bank.transfer.TransferService        : Transfer completed: id=20, from=1, to=2, amount=30.00 SEK
2026-02-20T17:17:19.366+01:00  WARN 52956 --- [mini-core-banking-system] [pool-3-thread-8] c.s.b.c.e.GlobalExceptionHandler         : Optimistic lock failure (retry recommended): Unexpected row count (expected row count 1 but was 0) [update account set balance=?,currency=?,customer_id=?,iban=?,version=? where id=? and version=?] for entity [com.shotaroi.bank.account.Account with id '2']
2026-02-20T17:17:19.386+01:00  WARN 52956 --- [mini-core-banking-system] [pool-3-thread-5] c.s.b.c.e.GlobalExceptionHandler         : Optimistic lock failure (retry recommended): Unexpected row count (expected row count 1 but was 0) [update account set balance=?,currency=?,customer_id=?,iban=?,version=? where id=? and version=?] for entity [com.shotaroi.bank.account.Account with id '1']
2026-02-20T17:17:19.383+01:00  WARN 52956 --- [mini-core-banking-system] [ool-3-thread-10] c.s.b.c.e.GlobalExceptionHandler         : Optimistic lock failure (retry recommended): Unexpected row count (expected row count 1 but was 0) [update account set balance=?,currency=?,customer_id=?,iban=?,version=? where id=? and version=?] for entity [com.shotaroi.bank.account.Account with id '2']
2026-02-20T17:17:19.386+01:00  WARN 52956 --- [mini-core-banking-system] [pool-3-thread-1] c.s.b.c.e.GlobalExceptionHandler         : Optimistic lock failure (retry recommended): Unexpected row count (expected row count 1 but was 0) [update account set balance=?,currency=?,customer_id=?,iban=?,version=? where id=? and version=?] for entity [com.shotaroi.bank.account.Account with id '2']
]]></system-out>
  </testcase>
  <testcase name="idempotency_differentPayloadReturns409" classname="com.shotaroi.bank.integration.TransferIntegrationTest" time="0.365">
    <system-out><![CDATA[2026-02-20T17:17:19.824+01:00  INFO 52956 --- [mini-core-banking-system] [           main] c.s.bank.transfer.TransferService        : Transfer completed: id=21, from=3, to=4, amount=50.00 SEK
2026-02-20T17:17:19.855+01:00  WARN 52956 --- [mini-core-banking-system] [           main] c.s.b.c.e.GlobalExceptionHandler         : Idempotency conflict: Idempotency key already used with different payload
]]></system-out>
  </testcase>
  <testcase name="idempotency_sameKeyReturnsSameTransfer" classname="com.shotaroi.bank.integration.TransferIntegrationTest" time="0.544">
    <system-out><![CDATA[2026-02-20T17:17:20.143+01:00  INFO 52956 --- [mini-core-banking-system] [           main] c.s.bank.transfer.TransferService        : Transfer completed: id=22, from=5, to=6, amount=50.00 SEK
2026-02-20T17:17:20.214+01:00  INFO 52956 --- [mini-core-banking-system] [           main] c.s.bank.transfer.TransferService        : Idempotent replay: idempotencyKey=74671f36-d83c-4eab-8aa8-75489e94afdf, transferId=22
]]></system-out>
  </testcase>
  <testcase name="successfulTransfer_createsCorrectLedgerEntriesAndBalances" classname="com.shotaroi.bank.integration.TransferIntegrationTest" time="0.943">
    <system-out><![CDATA[2026-02-20T17:17:21.090+01:00  INFO 52956 --- [mini-core-banking-system] [           main] c.s.bank.transfer.TransferService        : Transfer completed: id=23, from=7, to=8, amount=100.50 SEK
]]></system-out>
  </testcase>
</testsuite>