<?xml version="1.0" encoding="UTF-8"?>
<testsuite xmlns:xsi="http://www.w3.org/2001/XMLSchema-instance" xsi:noNamespaceSchemaLocation="https://maven.apache.org/surefire/maven-surefire-plugin/xsd/surefire-test-report.xsd" version="3.0.2" name="com.shotaroi.bank.unit.TransferServiceTest" time="2.949" tests="8" errors="0" skipped="0" failures="0">
  <properties>
[...]
</properties>
  <testcase name="executeTransfer_requiresIdempotencyKey" classname="com.shotaroi.bank.unit.TransferServiceTest" time="2.592">
    <system-err><![CDATA[Mockito is currently self-attaching to enable the inline-mock-maker. This will no longer work in future releases of the JDK. Please add Mockito as an agent to your build as described in Mockito's documentation: https://javadoc.io/doc/org.mockito/mockito-core/latest/org.mockito/org/mockito/Mockito.html#0.3
WARNING: A Java agent has been loaded dynamically (/Users/shotaroishii/.m2/repository/net/bytebuddy/byte-buddy-agent/1.17.8/byte-buddy-agent-1.17.8.jar)
WARNING: If a serviceability tool is in use, please run with -XX:+EnableDynamicAgentLoading to hide this warning
WARNING: If a serviceability tool is not in use, please run with -Djdk.instrument.traceUsage for more information
WARNING: Dynamic loading of agents will be disallowed by default in a future release
]]></system-err>
  </testcase>
  <testcase name="executeTransfer_rejectsNonOwner" classname="com.shotaroi.bank.unit.TransferServiceTest" time="0.086"/>
  <testcase name="executeTransfer_rejectsCurrencyMismatch" classname="com.shotaroi.bank.unit.TransferServiceTest" time="0.015"/>
  <testcase name="executeTransfer_idempotentDifferentPayloadReturns409" classname="com.shotaroi.bank.unit.TransferServiceTest" time="0.015"/>
  <testcase name="executeTransfer_rejectsInsufficientFunds" classname="com.shotaroi.bank.unit.TransferServiceTest" time="0.02">
    <system-out><![CDATA[16:41:52.591 [main] WARN com.shotaroi.bank.transfer.TransferService -- Transfer failed - insufficient funds: fromAccountId=1, amount=200.00
]]></system-out>
  </testcase>
  <testcase name="executeTransfer_rejectsSameAccount" classname="com.shotaroi.bank.unit.TransferServiceTest" time="0.01"/>
  <testcase name="executeTransfer_idempotentSamePayloadReturnsExisting" classname="com.shotaroi.bank.unit.TransferServiceTest" time="0.025">
    <system-out><![CDATA[16:41:52.634 [main] INFO com.shotaroi.bank.transfer.TransferService -- Idempotent replay: idempotencyKey=key-1, transferId=42
]]></system-out>
  </testcase>
  <testcase name="executeTransfer_rejectsInvalidAmount" classname="com.shotaroi.bank.unit.TransferServiceTest" time="0.012"/>
</testsuite>